This file contains any messages produced by compilers while
running configure, to aid debugging if configure makes a mistake.

It was created by dbus-glib configure 0.100, which was
generated by GNU Autoconf 2.69.  Invocation command line was

  $ ./configure 

## --------- ##
## Platform. ##
## --------- ##

hostname = smK0z9x
uname -m = x86_64
uname -r = 3.8.0-34-generic
uname -s = Linux
uname -v = #49-Ubuntu SMP Tue Nov 12 18:00:10 UTC 2013

/usr/bin/uname -p = unknown
/bin/uname -X     = unknown

/bin/arch              = unknown
/usr/bin/arch -k       = unknown
/usr/convex/getsysinfo = unknown
/usr/bin/hostinfo      = unknown
/bin/machine           = unknown
/usr/bin/oslevel       = unknown
/bin/universe          = unknown

PATH: /usr/local/heroku/bin
PATH: /opt/AWS-ElasticBeanstalk-CLI2.6.0/eb/linux/python2.7
PATH: /usr/local/heroku/bin
PATH: /opt/AWS-ElasticBeanstalk-CLI2.6.0/eb/linux/python2.7
PATH: /usr/local/sbin
PATH: /usr/local/bin
PATH: /usr/sbin
PATH: /usr/bin
PATH: /sbin
PATH: /bin
PATH: /usr/games
PATH: /usr/local/games


## ----------- ##
## Core tests. ##
## ----------- ##

configure:2362: checking build system type
configure:2376: result: x86_64-unknown-linux-gnu
configure:2396: checking host system type
configure:2409: result: x86_64-unknown-linux-gnu
configure:2446: checking for a BSD-compatible install
configure:2514: result: /usr/bin/install -c
configure:2525: checking whether build environment is sane
configure:2575: result: yes
configure:2716: checking for a thread-safe mkdir -p
configure:2755: result: /bin/mkdir -p
configure:2768: checking for gawk
configure:2784: found /usr/bin/gawk
configure:2795: result: gawk
configure:2806: checking whether make sets $(MAKE)
configure:2828: result: yes
configure:2918: checking whether to enable maintainer-specific portions of Makefiles
configure:2927: result: no
configure:2952: checking whether make supports nested variables
configure:2969: result: yes
configure:3051: checking for gcc
configure:3067: found /usr/bin/gcc
configure:3078: result: gcc
configure:3307: checking for C compiler version
configure:3316: gcc --version >&5
gcc (Ubuntu/Linaro 4.7.3-1ubuntu1) 4.7.3
Copyright (C) 2012 Free Software Foundation, Inc.
This is free software; see the source for copying conditions.  There is NO
warranty; not even for MERCHANTABILITY or FITNESS FOR A PARTICULAR PURPOSE.

configure:3327: $? = 0
configure:3316: gcc -v >&5
Using built-in specs.
COLLECT_GCC=gcc
COLLECT_LTO_WRAPPER=/usr/lib/gcc/x86_64-linux-gnu/4.7/lto-wrapper
Target: x86_64-linux-gnu
Configured with: ../src/configure -v --with-pkgversion='Ubuntu/Linaro 4.7.3-1ubuntu1' --with-bugurl=file:///usr/share/doc/gcc-4.7/README.Bugs --enable-languages=c,c++,go,fortran,objc,obj-c++ --prefix=/usr --program-suffix=-4.7 --enable-shared --enable-linker-build-id --libexecdir=/usr/lib --without-included-gettext --enable-threads=posix --with-gxx-include-dir=/usr/include/c++/4.7 --libdir=/usr/lib --enable-nls --with-sysroot=/ --enable-clocale=gnu --enable-libstdcxx-debug --enable-libstdcxx-time=yes --enable-gnu-unique-object --enable-plugin --with-system-zlib --enable-objc-gc --with-cloog --enable-cloog-backend=ppl --disable-cloog-version-check --disable-ppl-version-check --enable-multiarch --disable-werror --with-arch-32=i686 --with-abi=m64 --with-multilib-list=m32,m64,mx32 --with-tune=generic --enable-checking=release --build=x86_64-linux-gnu --host=x86_64-linux-gnu --target=x86_64-linux-gnu
Thread model: posix
gcc version 4.7.3 (Ubuntu/Linaro 4.7.3-1ubuntu1) 
configure:3327: $? = 0
configure:3316: gcc -V >&5
gcc: error: unrecognized command line option '-V'
gcc: fatal error: no input files
compilation terminated.
configure:3327: $? = 4
configure:3316: gcc -qversion >&5
gcc: error: unrecognized command line option '-qversion'
gcc: fatal error: no input files
compilation terminated.
configure:3327: $? = 4
configure:3347: checking whether the C compiler works
configure:3369: gcc    conftest.c  >&5
configure:3373: $? = 0
configure:3421: result: yes
configure:3424: checking for C compiler default output file name
configure:3426: result: a.out
configure:3432: checking for suffix of executables
configure:3439: gcc -o conftest    conftest.c  >&5
configure:3443: $? = 0
configure:3465: result: 
configure:3487: checking whether we are cross compiling
configure:3495: gcc -o conftest    conftest.c  >&5
configure:3499: $? = 0
configure:3506: ./conftest
configure:3510: $? = 0
configure:3525: result: no
configure:3530: checking for suffix of object files
configure:3552: gcc -c   conftest.c >&5
configure:3556: $? = 0
configure:3577: result: o
configure:3581: checking whether we are using the GNU C compiler
configure:3600: gcc -c   conftest.c >&5
configure:3600: $? = 0
configure:3609: result: yes
configure:3618: checking whether gcc accepts -g
configure:3638: gcc -c -g  conftest.c >&5
configure:3638: $? = 0
configure:3679: result: yes
configure:3696: checking for gcc option to accept ISO C89
configure:3759: gcc  -c -g -O2  conftest.c >&5
configure:3759: $? = 0
configure:3772: result: none needed
configure:3803: checking for style of include used by make
configure:3831: result: GNU
configure:3857: checking dependency style of gcc
configure:3968: result: gcc3
configure:3984: checking for library containing strerror
configure:4015: gcc -o conftest -g -O2   conftest.c  >&5
configure:4015: $? = 0
configure:4032: result: none required
configure:4045: checking how to run the C preprocessor
configure:4076: gcc -E  conftest.c
configure:4076: $? = 0
configure:4090: gcc -E  conftest.c
conftest.c:11:28: fatal error: ac_nonexistent.h: No such file or directory
compilation terminated.
configure:4090: $? = 1
configure: failed program was:
| /* confdefs.h */
| #define PACKAGE_NAME "dbus-glib"
| #define PACKAGE_TARNAME "dbus-glib"
| #define PACKAGE_VERSION "0.100"
| #define PACKAGE_STRING "dbus-glib 0.100"
| #define PACKAGE_BUGREPORT "https://bugs.freedesktop.org/enter_bug.cgi?product=dbus&component=GLib"
| #define PACKAGE_URL ""
| #define PACKAGE "dbus-glib"
| #define VERSION "0.100"
| /* end confdefs.h.  */
| #include <ac_nonexistent.h>
configure:4115: result: gcc -E
configure:4135: gcc -E  conftest.c
configure:4135: $? = 0
configure:4149: gcc -E  conftest.c
conftest.c:11:28: fatal error: ac_nonexistent.h: No such file or directory
compilation terminated.
configure:4149: $? = 1
configure: failed program was:
| /* confdefs.h */
| #define PACKAGE_NAME "dbus-glib"
| #define PACKAGE_TARNAME "dbus-glib"
| #define PACKAGE_VERSION "0.100"
| #define PACKAGE_STRING "dbus-glib 0.100"
| #define PACKAGE_BUGREPORT "https://bugs.freedesktop.org/enter_bug.cgi?product=dbus&component=GLib"
| #define PACKAGE_URL ""
| #define PACKAGE "dbus-glib"
| #define VERSION "0.100"
| /* end confdefs.h.  */
| #include <ac_nonexistent.h>
configure:4178: checking for grep that handles long lines and -e
configure:4236: result: /bin/grep
configure:4241: checking for egrep
configure:4303: result: /bin/grep -E
configure:4308: checking for ANSI C header files
configure:4328: gcc -c -g -O2  conftest.c >&5
configure:4328: $? = 0
configure:4401: gcc -o conftest -g -O2   conftest.c  >&5
configure:4401: $? = 0
configure:4401: ./conftest
configure:4401: $? = 0
configure:4412: result: yes
configure:4559: checking whether gcc understands -Wfloat-equal
configure:4569: gcc -c -g -O2 -Wfloat-equal  conftest.c >&5
configure:4569: $? = 0
configure:4582: result: yes
configure:4727: checking how to print strings
configure:4754: result: printf
configure:4775: checking for a sed that does not truncate output
configure:4839: result: /bin/sed
configure:4857: checking for fgrep
configure:4919: result: /bin/grep -F
configure:4954: checking for ld used by gcc
configure:5021: result: /usr/bin/ld
configure:5028: checking if the linker (/usr/bin/ld) is GNU ld
configure:5043: result: yes
configure:5055: checking for BSD- or MS-compatible name lister (nm)
configure:5104: result: /usr/bin/nm -B
configure:5234: checking the name lister (/usr/bin/nm -B) interface
configure:5241: gcc -c -g -O2 -Wall -Wchar-subscripts -Wmissing-declarations -Wmissing-prototypes -Wnested-externs -Wpointer-arith -Wcast-align -Wfloat-equal -Wsign-compare -fno-strict-aliasing  conftest.c >&5
configure:5244: /usr/bin/nm -B "conftest.o"
configure:5247: output
0000000000000000 B some_variable
configure:5254: result: BSD nm
configure:5257: checking whether ln -s works
configure:5261: result: yes
configure:5269: checking the maximum length of command line arguments
configure:5399: result: 1572864
configure:5416: checking whether the shell understands some XSI constructs
configure:5426: result: yes
configure:5430: checking whether the shell understands "+="
configure:5436: result: yes
configure:5471: checking how to convert x86_64-unknown-linux-gnu file names to x86_64-unknown-linux-gnu format
configure:5511: result: func_convert_file_noop
configure:5518: checking how to convert x86_64-unknown-linux-gnu file names to toolchain format
configure:5538: result: func_convert_file_noop
configure:5545: checking for /usr/bin/ld option to reload object files
configure:5552: result: -r
configure:5626: checking for objdump
configure:5642: found /usr/bin/objdump
configure:5653: result: objdump
configure:5685: checking how to recognize dependent libraries
configure:5883: result: pass_all
configure:5968: checking for dlltool
configure:5998: result: no
configure:6028: checking how to associate runtime and link libraries
configure:6055: result: printf %s\n
configure:6115: checking for ar
configure:6131: found /usr/bin/ar
configure:6142: result: ar
configure:6179: checking for archiver @FILE support
configure:6196: gcc -c -g -O2 -Wall -Wchar-subscripts -Wmissing-declarations -Wmissing-prototypes -Wnested-externs -Wpointer-arith -Wcast-align -Wfloat-equal -Wsign-compare -fno-strict-aliasing  conftest.c >&5
configure:6196: $? = 0
configure:6199: ar cru libconftest.a @conftest.lst >&5
configure:6202: $? = 0
configure:6207: ar cru libconftest.a @conftest.lst >&5
ar: conftest.o: No such file or directory
configure:6210: $? = 1
configure:6222: result: @
configure:6280: checking for strip
configure:6296: found /usr/bin/strip
configure:6307: result: strip
configure:6379: checking for ranlib
configure:6395: found /usr/bin/ranlib
configure:6406: result: ranlib
configure:6508: checking command to parse /usr/bin/nm -B output from gcc object
configure:6628: gcc -c -g -O2 -Wall -Wchar-subscripts -Wmissing-declarations -Wmissing-prototypes -Wnested-externs -Wpointer-arith -Wcast-align -Wfloat-equal -Wsign-compare -fno-strict-aliasing  conftest.c >&5
configure:6631: $? = 0
configure:6635: /usr/bin/nm -B conftest.o \| sed -n -e 's/^.*[ ]\([ABCDGIRSTW][ABCDGIRSTW]*\)[ ][ ]*\([_A-Za-z][_A-Za-z0-9]*\)$/\1 \2 \2/p' | sed '/ __gnu_lto/d' \> conftest.nm
configure:6638: $? = 0
configure:6704: gcc -o conftest -g -O2 -Wall -Wchar-subscripts -Wmissing-declarations -Wmissing-prototypes -Wnested-externs -Wpointer-arith -Wcast-align -Wfloat-equal -Wsign-compare -fno-strict-aliasing   conftest.c conftstm.o >&5
configure:6707: $? = 0
configure:6745: result: ok
configure:6782: checking for sysroot
configure:6812: result: no
configure:6889: gcc -c -g -O2 -Wall -Wchar-subscripts -Wmissing-declarations -Wmissing-prototypes -Wnested-externs -Wpointer-arith -Wcast-align -Wfloat-equal -Wsign-compare -fno-strict-aliasing  conftest.c >&5
configure:6892: $? = 0
configure:7068: checking for mt
configure:7084: found /bin/mt
configure:7095: result: mt
configure:7118: checking if mt is a manifest tool
configure:7124: mt '-?'
configure:7132: result: no
configure:7774: checking for sys/types.h
configure:7774: gcc -c -g -O2 -Wall -Wchar-subscripts -Wmissing-declarations -Wmissing-prototypes -Wnested-externs -Wpointer-arith -Wcast-align -Wfloat-equal -Wsign-compare -fno-strict-aliasing  conftest.c >&5
configure:7774: $? = 0
configure:7774: result: yes
configure:7774: checking for sys/stat.h
configure:7774: gcc -c -g -O2 -Wall -Wchar-subscripts -Wmissing-declarations -Wmissing-prototypes -Wnested-externs -Wpointer-arith -Wcast-align -Wfloat-equal -Wsign-compare -fno-strict-aliasing  conftest.c >&5
configure:7774: $? = 0
configure:7774: result: yes
configure:7774: checking for stdlib.h
configure:7774: gcc -c -g -O2 -Wall -Wchar-subscripts -Wmissing-declarations -Wmissing-prototypes -Wnested-externs -Wpointer-arith -Wcast-align -Wfloat-equal -Wsign-compare -fno-strict-aliasing  conftest.c >&5
configure:7774: $? = 0
configure:7774: result: yes
configure:7774: checking for string.h
configure:7774: gcc -c -g -O2 -Wall -Wchar-subscripts -Wmissing-declarations -Wmissing-prototypes -Wnested-externs -Wpointer-arith -Wcast-align -Wfloat-equal -Wsign-compare -fno-strict-aliasing  conftest.c >&5
configure:7774: $? = 0
configure:7774: result: yes
configure:7774: checking for memory.h
configure:7774: gcc -c -g -O2 -Wall -Wchar-subscripts -Wmissing-declarations -Wmissing-prototypes -Wnested-externs -Wpointer-arith -Wcast-align -Wfloat-equal -Wsign-compare -fno-strict-aliasing  conftest.c >&5
configure:7774: $? = 0
configure:7774: result: yes
configure:7774: checking for strings.h
configure:7774: gcc -c -g -O2 -Wall -Wchar-subscripts -Wmissing-declarations -Wmissing-prototypes -Wnested-externs -Wpointer-arith -Wcast-align -Wfloat-equal -Wsign-compare -fno-strict-aliasing  conftest.c >&5
configure:7774: $? = 0
configure:7774: result: yes
configure:7774: checking for inttypes.h
configure:7774: gcc -c -g -O2 -Wall -Wchar-subscripts -Wmissing-declarations -Wmissing-prototypes -Wnested-externs -Wpointer-arith -Wcast-align -Wfloat-equal -Wsign-compare -fno-strict-aliasing  conftest.c >&5
configure:7774: $? = 0
configure:7774: result: yes
configure:7774: checking for stdint.h
configure:7774: gcc -c -g -O2 -Wall -Wchar-subscripts -Wmissing-declarations -Wmissing-prototypes -Wnested-externs -Wpointer-arith -Wcast-align -Wfloat-equal -Wsign-compare -fno-strict-aliasing  conftest.c >&5
configure:7774: $? = 0
configure:7774: result: yes
configure:7774: checking for unistd.h
configure:7774: gcc -c -g -O2 -Wall -Wchar-subscripts -Wmissing-declarations -Wmissing-prototypes -Wnested-externs -Wpointer-arith -Wcast-align -Wfloat-equal -Wsign-compare -fno-strict-aliasing  conftest.c >&5
configure:7774: $? = 0
configure:7774: result: yes
configure:7788: checking for dlfcn.h
configure:7788: gcc -c -g -O2 -Wall -Wchar-subscripts -Wmissing-declarations -Wmissing-prototypes -Wnested-externs -Wpointer-arith -Wcast-align -Wfloat-equal -Wsign-compare -fno-strict-aliasing  conftest.c >&5
configure:7788: $? = 0
configure:7788: result: yes
configure:7994: checking for objdir
configure:8009: result: .libs
configure:8280: checking if gcc supports -fno-rtti -fno-exceptions
configure:8298: gcc -c -g -O2 -Wall -Wchar-subscripts -Wmissing-declarations -Wmissing-prototypes -Wnested-externs -Wpointer-arith -Wcast-align -Wfloat-equal -Wsign-compare -fno-strict-aliasing  -fno-rtti -fno-exceptions conftest.c >&5
cc1: warning: command line option '-fno-rtti' is valid for C++/ObjC++ but not for C [enabled by default]
configure:8302: $? = 0
configure:8315: result: no
configure:8642: checking for gcc option to produce PIC
configure:8649: result: -fPIC -DPIC
configure:8657: checking if gcc PIC flag -fPIC -DPIC works
configure:8675: gcc -c -g -O2 -Wall -Wchar-subscripts -Wmissing-declarations -Wmissing-prototypes -Wnested-externs -Wpointer-arith -Wcast-align -Wfloat-equal -Wsign-compare -fno-strict-aliasing  -fPIC -DPIC -DPIC conftest.c >&5
configure:8679: $? = 0
configure:8692: result: yes
configure:8721: checking if gcc static flag -static works
configure:8749: result: yes
configure:8764: checking if gcc supports -c -o file.o
configure:8785: gcc -c -g -O2 -Wall -Wchar-subscripts -Wmissing-declarations -Wmissing-prototypes -Wnested-externs -Wpointer-arith -Wcast-align -Wfloat-equal -Wsign-compare -fno-strict-aliasing  -o out/conftest2.o conftest.c >&5
configure:8789: $? = 0
configure:8811: result: yes
configure:8819: checking if gcc supports -c -o file.o
configure:8866: result: yes
configure:8899: checking whether the gcc linker (/usr/bin/ld -m elf_x86_64) supports shared libraries
configure:10056: result: yes
configure:10093: checking whether -lc should be explicitly linked in
configure:10101: gcc -c -g -O2 -Wall -Wchar-subscripts -Wmissing-declarations -Wmissing-prototypes -Wnested-externs -Wpointer-arith -Wcast-align -Wfloat-equal -Wsign-compare -fno-strict-aliasing  conftest.c >&5
configure:10104: $? = 0
configure:10119: gcc -shared  -fPIC -DPIC conftest.o  -v -Wl,-soname -Wl,conftest -o conftest 2\>\&1 \| /bin/grep  -lc  \>/dev/null 2\>\&1
configure:10122: $? = 0
configure:10136: result: no
configure:10296: checking dynamic linker characteristics
configure:10796: gcc -o conftest -g -O2 -Wall -Wchar-subscripts -Wmissing-declarations -Wmissing-prototypes -Wnested-externs -Wpointer-arith -Wcast-align -Wfloat-equal -Wsign-compare -fno-strict-aliasing   -Wl,-rpath -Wl,/foo conftest.c  >&5
configure:10796: $? = 0
configure:11030: result: GNU/Linux ld.so
configure:11137: checking how to hardcode library paths into programs
configure:11162: result: immediate
configure:11702: checking whether stripping libraries is possible
configure:11707: result: yes
configure:11742: checking if libtool supports shared libraries
configure:11744: result: yes
configure:11747: checking whether to build shared libraries
configure:11768: result: yes
configure:11771: checking whether to build static libraries
configure:11775: result: yes
configure:11827: checking for library containing socket
configure:11858: gcc -o conftest -g -O2 -Wall -Wchar-subscripts -Wmissing-declarations -Wmissing-prototypes -Wnested-externs -Wpointer-arith -Wcast-align -Wfloat-equal -Wsign-compare -fno-strict-aliasing   conftest.c  >&5
configure:11858: $? = 0
configure:11875: result: none required
configure:11884: checking whether socklen_t is defined
configure:11904: gcc -c -g -O2 -Wall -Wchar-subscripts -Wmissing-declarations -Wmissing-prototypes -Wnested-externs -Wpointer-arith -Wcast-align -Wfloat-equal -Wsign-compare -fno-strict-aliasing  conftest.c >&5
conftest.c: In function 'main':
conftest.c:35:11: warning: variable 'foo' set but not used [-Wunused-but-set-variable]
configure:11904: $? = 0
configure:11910: result: yes
configure:11927: checking abstract socket namespace
configure:11982: gcc -o conftest -g -O2 -Wall -Wchar-subscripts -Wmissing-declarations -Wmissing-prototypes -Wnested-externs -Wpointer-arith -Wcast-align -Wfloat-equal -Wsign-compare -fno-strict-aliasing   conftest.c  >&5
configure:11982: $? = 0
configure:11982: ./conftest
configure:11982: $? = 0
configure:11993: result: yes
configure:12028: checking for XML_ParserCreate_MM in -lexpat
configure:12053: gcc -o conftest -g -O2 -Wall -Wchar-subscripts -Wmissing-declarations -Wmissing-prototypes -Wnested-externs -Wpointer-arith -Wcast-align -Wfloat-equal -Wsign-compare -fno-strict-aliasing   conftest.c -lexpat   >&5
configure:12053: $? = 0
configure:12062: result: yes
configure:12067: checking expat.h usability
configure:12067: gcc -c -g -O2 -Wall -Wchar-subscripts -Wmissing-declarations -Wmissing-prototypes -Wnested-externs -Wpointer-arith -Wcast-align -Wfloat-equal -Wsign-compare -fno-strict-aliasing  conftest.c >&5
configure:12067: $? = 0
configure:12067: result: yes
configure:12067: checking expat.h presence
configure:12067: gcc -E  conftest.c
configure:12067: $? = 0
configure:12067: result: yes
configure:12067: checking for expat.h
configure:12067: result: yes
configure:12148: checking for pkg-config
configure:12166: found /usr/bin/pkg-config
configure:12178: result: /usr/bin/pkg-config
configure:12203: checking pkg-config is at least version 0.9.0
configure:12206: result: yes
configure:12216: checking for DBUS
configure:12223: $PKG_CONFIG --exists --print-errors "dbus-1 >= 1.2.16"
configure:12226: $? = 0
configure:12240: $PKG_CONFIG --exists --print-errors "dbus-1 >= 1.2.16"
configure:12243: $? = 0
configure:12301: result: yes
configure:12311: checking for DBUS_GLIB
configure:12318: $PKG_CONFIG --exists --print-errors "gobject-2.0 >= 2.26, gio-2.0 >= 2.26"
configure:12321: $? = 0
configure:12335: $PKG_CONFIG --exists --print-errors "gobject-2.0 >= 2.26, gio-2.0 >= 2.26"
configure:12338: $? = 0
configure:12396: result: yes
configure:12402: checking for DBUS_GLIB_THREADS
configure:12409: $PKG_CONFIG --exists --print-errors "gthread-2.0 >= 2.6"
configure:12412: $? = 0
configure:12426: $PKG_CONFIG --exists --print-errors "gthread-2.0 >= 2.6"
configure:12429: $? = 0
configure:12467: result: yes
configure:12499: checking for gtkdoc-check
configure:12532: result: no
configure:12541: checking for gtkdoc-rebase
configure:12574: result: no
configure:12585: checking for gtkdoc-mkpdf
configure:12618: result: no
configure:12749: checking whether to build gtk-doc documentation
configure:12751: result: no
configure:13125: creating ./config.status

## ---------------------- ##
## Running config.status. ##
## ---------------------- ##

This file was extended by dbus-glib config.status 0.100, which was
generated by GNU Autoconf 2.69.  Invocation command line was

  CONFIG_FILES    = 
  CONFIG_HEADERS  = 
  CONFIG_LINKS    = 
  CONFIG_COMMANDS = 
  $ ./config.status 

on smK0z9x

config.status:1171: creating Makefile
config.status:1171: creating m4/Makefile
config.status:1171: creating doc/Makefile
config.status:1171: creating doc/reference/Makefile
config.status:1171: creating doc/reference/version.xml
config.status:1171: creating dbus/Makefile
config.status:1171: creating dbus/examples/Makefile
config.status:1171: creating dbus/examples/statemachine/Makefile
config.status:1171: creating test/Makefile
config.status:1171: creating test/core/Makefile
config.status:1171: creating test/interfaces/Makefile
config.status:1171: creating test/data/valid-service-files/debug-glib.service
config.status:1171: creating test/data/valid-service-files/debug-echo.service
config.status:1171: creating test/data/valid-service-files/interfaces-test.service
config.status:1171: creating test/lib/Makefile
config.status:1171: creating test/manual/Makefile
config.status:1171: creating tools/Makefile
config.status:1171: creating dbus-glib-1.pc
config.status:1171: creating dbus-glib-1-uninstalled.pc
config.status:1171: creating config.h
config.status:1400: executing depfiles commands
config.status:1400: executing libtool commands

## ---------------- ##
## Cache variables. ##
## ---------------- ##

ac_cv_build=x86_64-unknown-linux-gnu
ac_cv_c_compiler_gnu=yes
ac_cv_env_CC_set=
ac_cv_env_CC_value=
ac_cv_env_CFLAGS_set=
ac_cv_env_CFLAGS_value=
ac_cv_env_CPPFLAGS_set=
ac_cv_env_CPPFLAGS_value=
ac_cv_env_CPP_set=
ac_cv_env_CPP_value=
ac_cv_env_DBUS_CFLAGS_set=
ac_cv_env_DBUS_CFLAGS_value=
ac_cv_env_DBUS_GLIB_CFLAGS_set=
ac_cv_env_DBUS_GLIB_CFLAGS_value=
ac_cv_env_DBUS_GLIB_LIBS_set=
ac_cv_env_DBUS_GLIB_LIBS_value=
ac_cv_env_DBUS_GLIB_THREADS_CFLAGS_set=
ac_cv_env_DBUS_GLIB_THREADS_CFLAGS_value=
ac_cv_env_DBUS_GLIB_THREADS_LIBS_set=
ac_cv_env_DBUS_GLIB_THREADS_LIBS_value=
ac_cv_env_DBUS_LIBS_set=
ac_cv_env_DBUS_LIBS_value=
ac_cv_env_GTKDOC_DEPS_CFLAGS_set=
ac_cv_env_GTKDOC_DEPS_CFLAGS_value=
ac_cv_env_GTKDOC_DEPS_LIBS_set=
ac_cv_env_GTKDOC_DEPS_LIBS_value=
ac_cv_env_LDFLAGS_set=
ac_cv_env_LDFLAGS_value=
ac_cv_env_LIBS_set=
ac_cv_env_LIBS_value=
ac_cv_env_PKG_CONFIG_LIBDIR_set=
ac_cv_env_PKG_CONFIG_LIBDIR_value=
ac_cv_env_PKG_CONFIG_PATH_set=
ac_cv_env_PKG_CONFIG_PATH_value=
ac_cv_env_PKG_CONFIG_set=
ac_cv_env_PKG_CONFIG_value=
ac_cv_env_build_alias_set=
ac_cv_env_build_alias_value=
ac_cv_env_host_alias_set=
ac_cv_env_host_alias_value=
ac_cv_env_target_alias_set=
ac_cv_env_target_alias_value=
ac_cv_have_abstract_sockets=yes
ac_cv_header_dlfcn_h=yes
ac_cv_header_expat_h=yes
ac_cv_header_inttypes_h=yes
ac_cv_header_memory_h=yes
ac_cv_header_stdc=yes
ac_cv_header_stdint_h=yes
ac_cv_header_stdlib_h=yes
ac_cv_header_string_h=yes
ac_cv_header_strings_h=yes
ac_cv_header_sys_stat_h=yes
ac_cv_header_sys_types_h=yes
ac_cv_header_unistd_h=yes
ac_cv_host=x86_64-unknown-linux-gnu
ac_cv_lib_expat_XML_ParserCreate_MM=yes
ac_cv_objext=o
ac_cv_path_EGREP='/bin/grep -E'
ac_cv_path_FGREP='/bin/grep -F'
ac_cv_path_GREP=/bin/grep
ac_cv_path_SED=/bin/sed
ac_cv_path_ac_pt_PKG_CONFIG=/usr/bin/pkg-config
ac_cv_path_install='/usr/bin/install -c'
ac_cv_path_mkdir=/bin/mkdir
ac_cv_prog_AWK=gawk
ac_cv_prog_CPP='gcc -E'
ac_cv_prog_ac_ct_AR=ar
ac_cv_prog_ac_ct_CC=gcc
ac_cv_prog_ac_ct_MANIFEST_TOOL=mt
ac_cv_prog_ac_ct_OBJDUMP=objdump
ac_cv_prog_ac_ct_RANLIB=ranlib
ac_cv_prog_ac_ct_STRIP=strip
ac_cv_prog_cc_c89=
ac_cv_prog_cc_g=yes
ac_cv_prog_make_make_set=yes
ac_cv_search_socket='none required'
ac_cv_search_strerror='none required'
am_cv_CC_dependencies_compiler_type=gcc3
am_cv_make_support_nested_variables=yes
lt_cv_ar_at_file=@
lt_cv_archive_cmds_need_lc=no
lt_cv_deplibs_check_method=pass_all
lt_cv_file_magic_cmd='$MAGIC_CMD'
lt_cv_file_magic_test_file=
lt_cv_ld_reload_flag=-r
lt_cv_nm_interface='BSD nm'
lt_cv_objdir=.libs
lt_cv_path_LD=/usr/bin/ld
lt_cv_path_NM='/usr/bin/nm -B'
lt_cv_path_mainfest_tool=no
lt_cv_prog_compiler_c_o=yes
lt_cv_prog_compiler_pic='-fPIC -DPIC'
lt_cv_prog_compiler_pic_works=yes
lt_cv_prog_compiler_rtti_exceptions=no
lt_cv_prog_compiler_static_works=yes
lt_cv_prog_gnu_ld=yes
lt_cv_sharedlib_from_linklib_cmd='printf %s\n'
lt_cv_shlibpath_overrides_runpath=no
lt_cv_sys_global_symbol_pipe='sed -n -e '\''s/^.*[	 ]\([ABCDGIRSTW][ABCDGIRSTW]*\)[	 ][	 ]*\([_A-Za-z][_A-Za-z0-9]*\)$/\1 \2 \2/p'\'' | sed '\''/ __gnu_lto/d'\'''
lt_cv_sys_global_symbol_to_c_name_address='sed -n -e '\''s/^: \([^ ]*\)[ ]*$/  {\"\1\", (void *) 0},/p'\'' -e '\''s/^[ABCDGIRSTW]* \([^ ]*\) \([^ ]*\)$/  {"\2", (void *) \&\2},/p'\'''
lt_cv_sys_global_symbol_to_c_name_address_lib_prefix='sed -n -e '\''s/^: \([^ ]*\)[ ]*$/  {\"\1\", (void *) 0},/p'\'' -e '\''s/^[ABCDGIRSTW]* \([^ ]*\) \(lib[^ ]*\)$/  {"\2", (void *) \&\2},/p'\'' -e '\''s/^[ABCDGIRSTW]* \([^ ]*\) \([^ ]*\)$/  {"lib\2", (void *) \&\2},/p'\'''
lt_cv_sys_global_symbol_to_cdecl='sed -n -e '\''s/^T .* \(.*\)$/extern int \1();/p'\'' -e '\''s/^[ABCDGIRSTW]* .* \(.*\)$/extern char \1;/p'\'''
lt_cv_sys_max_cmd_len=1572864
lt_cv_to_host_file_cmd=func_convert_file_noop
lt_cv_to_tool_file_cmd=func_convert_file_noop
pkg_cv_DBUS_CFLAGS='-I/usr/include/dbus-1.0 -I/usr/lib/x86_64-linux-gnu/dbus-1.0/include  '
pkg_cv_DBUS_GLIB_CFLAGS='-pthread -I/usr/include/glib-2.0 -I/usr/lib/x86_64-linux-gnu/glib-2.0/include  '
pkg_cv_DBUS_GLIB_LIBS='-lgio-2.0 -lgobject-2.0 -lglib-2.0  '
pkg_cv_DBUS_GLIB_THREADS_CFLAGS='-pthread -I/usr/include/glib-2.0 -I/usr/lib/x86_64-linux-gnu/glib-2.0/include  '
pkg_cv_DBUS_GLIB_THREADS_LIBS='-pthread -lgthread-2.0 -lglib-2.0  '
pkg_cv_DBUS_LIBS='-ldbus-1  '

## ----------------- ##
## Output variables. ##
## ----------------- ##

ABSOLUTE_TOP_BUILDDIR='/home/sam/code/matchbot/dbus-glib-0.100'
ACLOCAL='${SHELL} /home/sam/code/matchbot/dbus-glib-0.100/missing --run aclocal-1.11 '
AMDEPBACKSLASH='\'
AMDEP_FALSE='#'
AMDEP_TRUE=''
AMTAR='$${TAR-tar}'
AM_BACKSLASH='\'
AM_DEFAULT_V='$(AM_DEFAULT_VERBOSITY)'
AM_DEFAULT_VERBOSITY='0'
AM_V='$(V)'
AR='ar'
AUTOCONF='${SHELL} /home/sam/code/matchbot/dbus-glib-0.100/missing --run autoconf'
AUTOHEADER='${SHELL} /home/sam/code/matchbot/dbus-glib-0.100/missing --run autoheader'
AUTOMAKE='${SHELL} /home/sam/code/matchbot/dbus-glib-0.100/missing --run automake-1.11'
AWK='gawk'
CC='gcc'
CCDEPMODE='depmode=gcc3'
CFLAGS='-g -O2 -Wall -Wchar-subscripts -Wmissing-declarations -Wmissing-prototypes -Wnested-externs -Wpointer-arith -Wcast-align -Wfloat-equal -Wsign-compare -fno-strict-aliasing'
CPP='gcc -E'
CPPFLAGS=''
CYGPATH_W='echo'
DBUS_BASH_COMPLETION_FALSE='#'
DBUS_BASH_COMPLETION_TRUE=''
DBUS_BINDING_TOOL='$(top_builddir)/dbus/dbus-binding-tool'
DBUS_BUILD_TESTS_FALSE=''
DBUS_BUILD_TESTS_TRUE='#'
DBUS_CFLAGS='-I/usr/include/dbus-1.0 -I/usr/lib/x86_64-linux-gnu/dbus-1.0/include  '
DBUS_GLIB_CFLAGS='-pthread -I/usr/include/glib-2.0 -I/usr/lib/x86_64-linux-gnu/glib-2.0/include  '
DBUS_GLIB_LIBS='-lgio-2.0 -lgobject-2.0 -lglib-2.0  '
DBUS_GLIB_THREADS_CFLAGS='-pthread -I/usr/include/glib-2.0 -I/usr/lib/x86_64-linux-gnu/glib-2.0/include  '
DBUS_GLIB_THREADS_LIBS='-pthread -lgthread-2.0 -lglib-2.0  '
DBUS_GLIB_TOOL_CFLAGS=''
DBUS_GLIB_TOOL_LIBS='-lexpat'
DBUS_LIBS='-ldbus-1  '
DBUS_PATH_OR_ABSTRACT='abstract'
DEFS='-DHAVE_CONFIG_H'
DEPDIR='.deps'
DLLTOOL='false'
DSYMUTIL=''
DUMPBIN=''
ECHO_C=''
ECHO_N='-n'
ECHO_T=''
EGREP='/bin/grep -E'
ENABLE_GTK_DOC_FALSE=''
ENABLE_GTK_DOC_TRUE='#'
EXEEXT=''
EXPANDED_BINDIR='/usr/local/bin'
EXPANDED_DATADIR='${prefix}/share'
EXPANDED_LIBDIR='/usr/local/lib'
EXPANDED_LOCALSTATEDIR='/usr/local/var'
EXPANDED_SYSCONFDIR='/usr/local/etc'
FGREP='/bin/grep -F'
GLIB_GENMARSHAL='glib-genmarshal'
GREP='/bin/grep'
GTKDOC_CHECK=''
GTKDOC_DEPS_CFLAGS=''
GTKDOC_DEPS_LIBS=''
GTKDOC_MKPDF=''
GTKDOC_REBASE='true'
GTK_DOC_BUILD_HTML_FALSE='#'
GTK_DOC_BUILD_HTML_TRUE=''
GTK_DOC_BUILD_PDF_FALSE=''
GTK_DOC_BUILD_PDF_TRUE='#'
GTK_DOC_USE_LIBTOOL_FALSE='#'
GTK_DOC_USE_LIBTOOL_TRUE=''
GTK_DOC_USE_REBASE_FALSE='#'
GTK_DOC_USE_REBASE_TRUE=''
HAVE_GLIB_THREADS_FALSE='#'
HAVE_GLIB_THREADS_TRUE=''
HTML_DIR='${datadir}/gtk-doc/html'
INSTALL_DATA='${INSTALL} -m 644'
INSTALL_PROGRAM='${INSTALL}'
INSTALL_SCRIPT='${INSTALL}'
INSTALL_STRIP_PROGRAM='$(install_sh) -c -s'
LD='/usr/bin/ld -m elf_x86_64'
LDFLAGS=''
LIBOBJS=''
LIBS=''
LIBTOOL='$(SHELL) $(top_builddir)/libtool'
LIPO=''
LN_S='ln -s'
LTLIBOBJS=''
LT_AGE='2'
LT_CURRENT='4'
LT_REVISION='2'
MAINT='#'
MAINTAINER_MODE_FALSE=''
MAINTAINER_MODE_TRUE='#'
MAKEINFO='${SHELL} /home/sam/code/matchbot/dbus-glib-0.100/missing --run makeinfo'
MANIFEST_TOOL=':'
MKDIR_P='/bin/mkdir -p'
NM='/usr/bin/nm -B'
NMEDIT=''
OBJDUMP='objdump'
OBJEXT='o'
OTOOL64=''
OTOOL=''
PACKAGE='dbus-glib'
PACKAGE_BUGREPORT='https://bugs.freedesktop.org/enter_bug.cgi?product=dbus&component=GLib'
PACKAGE_NAME='dbus-glib'
PACKAGE_STRING='dbus-glib 0.100'
PACKAGE_TARNAME='dbus-glib'
PACKAGE_URL=''
PACKAGE_VERSION='0.100'
PATH_SEPARATOR=':'
PKG_CONFIG='/usr/bin/pkg-config'
PKG_CONFIG_LIBDIR=''
PKG_CONFIG_PATH=''
RANLIB='ranlib'
SED='/bin/sed'
SET_MAKE=''
SHELL='/bin/bash'
STRIP='strip'
TEST_CORE_SERVICE_BINARY='/home/sam/code/matchbot/dbus-glib-0.100/test/core/test-service-glib'
TEST_EXIT_BINARY='/home/sam/code/matchbot/dbus-glib-0.100/test/test-exit'
TEST_INTERFACES_SERVICE_BINARY='/home/sam/code/matchbot/dbus-glib-0.100/test/interfaces/test-service'
TEST_SEGFAULT_BINARY='/home/sam/code/matchbot/dbus-glib-0.100/test/test-segfault'
TEST_SERVICE_BINARY='/home/sam/code/matchbot/dbus-glib-0.100/test/test-service'
TEST_SERVICE_DIR='/home/sam/code/matchbot/dbus-glib-0.100/test/data/valid-service-files'
TEST_SHELL_SERVICE_BINARY='/home/sam/code/matchbot/dbus-glib-0.100/test/test-shell-service'
TEST_SLEEP_FOREVER_BINARY='/home/sam/code/matchbot/dbus-glib-0.100/test/test-sleep-forever'
TEST_SOCKET_DIR=''
VERSION='0.100'
ac_ct_AR='ar'
ac_ct_CC='gcc'
ac_ct_DUMPBIN=''
am__EXEEXT_FALSE=''
am__EXEEXT_TRUE='#'
am__fastdepCC_FALSE='#'
am__fastdepCC_TRUE=''
am__include='include'
am__isrc=''
am__leading_dot='.'
am__nodep='_no'
am__quote=''
am__tar='$${TAR-tar} chof - "$$tardir"'
am__untar='$${TAR-tar} xf -'
bindir='${exec_prefix}/bin'
build='x86_64-unknown-linux-gnu'
build_alias=''
build_cpu='x86_64'
build_os='linux-gnu'
build_vendor='unknown'
datadir='${datarootdir}'
datarootdir='${prefix}/share'
docdir='${datarootdir}/doc/${PACKAGE_TARNAME}'
dvidir='${docdir}'
exec_prefix='${prefix}'
host='x86_64-unknown-linux-gnu'
host_alias=''
host_cpu='x86_64'
host_os='linux-gnu'
host_vendor='unknown'
htmldir='${docdir}'
includedir='${prefix}/include'
infodir='${datarootdir}/info'
install_sh='${SHELL} /home/sam/code/matchbot/dbus-glib-0.100/install-sh'
libdir='${exec_prefix}/lib'
libexecdir='${exec_prefix}/libexec'
localedir='${datarootdir}/locale'
localstatedir='${prefix}/var'
mandir='${datarootdir}/man'
mkdir_p='/bin/mkdir -p'
oldincludedir='/usr/include'
pdfdir='${docdir}'
prefix='/usr/local'
program_transform_name='s,x,x,'
psdir='${docdir}'
sbindir='${exec_prefix}/sbin'
sharedstatedir='${prefix}/com'
sysconfdir='${prefix}/etc'
target_alias=''

## ----------- ##
## confdefs.h. ##
## ----------- ##

/* confdefs.h */
#define PACKAGE_NAME "dbus-glib"
#define PACKAGE_TARNAME "dbus-glib"
#define PACKAGE_VERSION "0.100"
#define PACKAGE_STRING "dbus-glib 0.100"
#define PACKAGE_BUGREPORT "https://bugs.freedesktop.org/enter_bug.cgi?product=dbus&component=GLib"
#define PACKAGE_URL ""
#define PACKAGE "dbus-glib"
#define VERSION "0.100"
#define STDC_HEADERS 1
#define DBUS_BASH_COMPLETION 1
#define DBUS_DISABLE_ASSERT 1
#define G_DISABLE_ASSERT 1
#define HAVE_SYS_TYPES_H 1
#define HAVE_SYS_STAT_H 1
#define HAVE_STDLIB_H 1
#define HAVE_STRING_H 1
#define HAVE_MEMORY_H 1
#define HAVE_STRINGS_H 1
#define HAVE_INTTYPES_H 1
#define HAVE_STDINT_H 1
#define HAVE_UNISTD_H 1
#define HAVE_DLFCN_H 1
#define LT_OBJDIR ".libs/"
#define HAVE_SOCKLEN_T 1
#define HAVE_ABSTRACT_SOCKETS 1
#define HAVE_EXPAT_H 1
#define TEST_SERVICE_DIR "/home/sam/code/matchbot/dbus-glib-0.100/test/data/valid-service-files"
#define TEST_SERVICE_BINARY "/home/sam/code/matchbot/dbus-glib-0.100/test/test-service"
#define TEST_SHELL_SERVICE_BINARY "/home/sam/code/matchbot/dbus-glib-0.100/test/test-shell-service"
#define TEST_CORE_SERVICE_BINARY "/home/sam/code/matchbot/dbus-glib-0.100/test/core/test-service-glib"
#define TEST_INTERFACES_SERVICE_BINARY "/home/sam/code/matchbot/dbus-glib-0.100/test/interfaces/test-service"
#define TEST_EXIT_BINARY "/home/sam/code/matchbot/dbus-glib-0.100/test/test-exit"
#define TEST_SEGFAULT_BINARY "/home/sam/code/matchbot/dbus-glib-0.100/test/test-segfault"
#define TEST_SLEEP_FOREVER_BINARY "/home/sam/code/matchbot/dbus-glib-0.100/test/test-sleep-forever"
#define DBUS_TEST_SOCKET_DIR ""

configure: exit 0
