This file contains any messages produced by compilers while
running configure, to aid debugging if configure makes a mistake.

It was created by dbus-python configure 0.84.0, which was
generated by GNU Autoconf 2.69.  Invocation command line was

  $ ./configure 

## --------- ##
## Platform. ##
## --------- ##

hostname = smK0z9x
uname -m = x86_64
uname -r = 3.8.0-34-generic
uname -s = Linux
uname -v = #49-Ubuntu SMP Tue Nov 12 18:00:10 UTC 2013

/usr/bin/uname -p = unknown
/bin/uname -X     = unknown

/bin/arch              = unknown
/usr/bin/arch -k       = unknown
/usr/convex/getsysinfo = unknown
/usr/bin/hostinfo      = unknown
/bin/machine           = unknown
/usr/bin/oslevel       = unknown
/bin/universe          = unknown

PATH: /usr/local/heroku/bin
PATH: /opt/AWS-ElasticBeanstalk-CLI2.6.0/eb/linux/python2.7
PATH: /usr/local/heroku/bin
PATH: /opt/AWS-ElasticBeanstalk-CLI2.6.0/eb/linux/python2.7
PATH: /usr/local/sbin
PATH: /usr/local/bin
PATH: /usr/sbin
PATH: /usr/bin
PATH: /sbin
PATH: /bin
PATH: /usr/games
PATH: /usr/local/games


## ----------- ##
## Core tests. ##
## ----------- ##

configure:2195: checking whether make supports nested variables
configure:2212: result: yes
configure:2289: checking for a BSD-compatible install
configure:2357: result: /usr/bin/install -c
configure:2368: checking whether build environment is sane
configure:2418: result: yes
configure:2559: checking for a thread-safe mkdir -p
configure:2598: result: /bin/mkdir -p
configure:2611: checking for gawk
configure:2627: found /usr/bin/gawk
configure:2638: result: gawk
configure:2649: checking whether make sets $(MAKE)
configure:2671: result: yes
configure:2756: checking build system type
configure:2770: result: x86_64-unknown-linux-gnu
configure:2790: checking host system type
configure:2803: result: x86_64-unknown-linux-gnu
configure:2904: checking how to print strings
configure:2931: result: printf
configure:2964: checking for style of include used by make
configure:2992: result: GNU
configure:3063: checking for gcc
configure:3079: found /usr/bin/gcc
configure:3090: result: gcc
configure:3319: checking for C compiler version
configure:3328: gcc --version >&5
gcc (Ubuntu/Linaro 4.7.3-1ubuntu1) 4.7.3
Copyright (C) 2012 Free Software Foundation, Inc.
This is free software; see the source for copying conditions.  There is NO
warranty; not even for MERCHANTABILITY or FITNESS FOR A PARTICULAR PURPOSE.

configure:3339: $? = 0
configure:3328: gcc -v >&5
Using built-in specs.
COLLECT_GCC=gcc
COLLECT_LTO_WRAPPER=/usr/lib/gcc/x86_64-linux-gnu/4.7/lto-wrapper
Target: x86_64-linux-gnu
Configured with: ../src/configure -v --with-pkgversion='Ubuntu/Linaro 4.7.3-1ubuntu1' --with-bugurl=file:///usr/share/doc/gcc-4.7/README.Bugs --enable-languages=c,c++,go,fortran,objc,obj-c++ --prefix=/usr --program-suffix=-4.7 --enable-shared --enable-linker-build-id --libexecdir=/usr/lib --without-included-gettext --enable-threads=posix --with-gxx-include-dir=/usr/include/c++/4.7 --libdir=/usr/lib --enable-nls --with-sysroot=/ --enable-clocale=gnu --enable-libstdcxx-debug --enable-libstdcxx-time=yes --enable-gnu-unique-object --enable-plugin --with-system-zlib --enable-objc-gc --with-cloog --enable-cloog-backend=ppl --disable-cloog-version-check --disable-ppl-version-check --enable-multiarch --disable-werror --with-arch-32=i686 --with-abi=m64 --with-multilib-list=m32,m64,mx32 --with-tune=generic --enable-checking=release --build=x86_64-linux-gnu --host=x86_64-linux-gnu --target=x86_64-linux-gnu
Thread model: posix
gcc version 4.7.3 (Ubuntu/Linaro 4.7.3-1ubuntu1) 
configure:3339: $? = 0
configure:3328: gcc -V >&5
gcc: error: unrecognized command line option '-V'
gcc: fatal error: no input files
compilation terminated.
configure:3339: $? = 4
configure:3328: gcc -qversion >&5
gcc: error: unrecognized command line option '-qversion'
gcc: fatal error: no input files
compilation terminated.
configure:3339: $? = 4
configure:3359: checking whether the C compiler works
configure:3381: gcc    conftest.c  >&5
configure:3385: $? = 0
configure:3433: result: yes
configure:3436: checking for C compiler default output file name
configure:3438: result: a.out
configure:3444: checking for suffix of executables
configure:3451: gcc -o conftest    conftest.c  >&5
configure:3455: $? = 0
configure:3477: result: 
configure:3499: checking whether we are cross compiling
configure:3507: gcc -o conftest    conftest.c  >&5
configure:3511: $? = 0
configure:3518: ./conftest
configure:3522: $? = 0
configure:3537: result: no
configure:3542: checking for suffix of object files
configure:3564: gcc -c   conftest.c >&5
configure:3568: $? = 0
configure:3589: result: o
configure:3593: checking whether we are using the GNU C compiler
configure:3612: gcc -c   conftest.c >&5
configure:3612: $? = 0
configure:3621: result: yes
configure:3630: checking whether gcc accepts -g
configure:3650: gcc -c -g  conftest.c >&5
configure:3650: $? = 0
configure:3691: result: yes
configure:3708: checking for gcc option to accept ISO C89
configure:3771: gcc  -c -g -O2  conftest.c >&5
configure:3771: $? = 0
configure:3784: result: none needed
configure:3806: checking dependency style of gcc
configure:3917: result: gcc3
configure:3932: checking for a sed that does not truncate output
configure:3996: result: /bin/sed
configure:4014: checking for grep that handles long lines and -e
configure:4072: result: /bin/grep
configure:4077: checking for egrep
configure:4139: result: /bin/grep -E
configure:4144: checking for fgrep
configure:4206: result: /bin/grep -F
configure:4241: checking for ld used by gcc
configure:4308: result: /usr/bin/ld
configure:4315: checking if the linker (/usr/bin/ld) is GNU ld
configure:4330: result: yes
configure:4342: checking for BSD- or MS-compatible name lister (nm)
configure:4391: result: /usr/bin/nm -B
configure:4521: checking the name lister (/usr/bin/nm -B) interface
configure:4528: gcc -c -g -O2  conftest.c >&5
configure:4531: /usr/bin/nm -B "conftest.o"
configure:4534: output
0000000000000000 B some_variable
configure:4541: result: BSD nm
configure:4544: checking whether ln -s works
configure:4548: result: yes
configure:4556: checking the maximum length of command line arguments
configure:4681: result: 1572864
configure:4698: checking whether the shell understands some XSI constructs
configure:4708: result: yes
configure:4712: checking whether the shell understands "+="
configure:4718: result: yes
configure:4753: checking how to convert x86_64-unknown-linux-gnu file names to x86_64-unknown-linux-gnu format
configure:4793: result: func_convert_file_noop
configure:4800: checking how to convert x86_64-unknown-linux-gnu file names to toolchain format
configure:4820: result: func_convert_file_noop
configure:4827: checking for /usr/bin/ld option to reload object files
configure:4834: result: -r
configure:4908: checking for objdump
configure:4924: found /usr/bin/objdump
configure:4935: result: objdump
configure:4967: checking how to recognize dependent libraries
configure:5169: result: pass_all
configure:5254: checking for dlltool
configure:5284: result: no
configure:5314: checking how to associate runtime and link libraries
configure:5341: result: printf %s\n
configure:5402: checking for ar
configure:5418: found /usr/bin/ar
configure:5429: result: ar
configure:5466: checking for archiver @FILE support
configure:5483: gcc -c -g -O2  conftest.c >&5
configure:5483: $? = 0
configure:5486: ar cru libconftest.a @conftest.lst >&5
configure:5489: $? = 0
configure:5494: ar cru libconftest.a @conftest.lst >&5
ar: conftest.o: No such file or directory
configure:5497: $? = 1
configure:5509: result: @
configure:5567: checking for strip
configure:5583: found /usr/bin/strip
configure:5594: result: strip
configure:5666: checking for ranlib
configure:5682: found /usr/bin/ranlib
configure:5693: result: ranlib
configure:5795: checking command to parse /usr/bin/nm -B output from gcc object
configure:5914: gcc -c -g -O2  conftest.c >&5
configure:5917: $? = 0
configure:5921: /usr/bin/nm -B conftest.o \| sed -n -e 's/^.*[ ]\([ABCDGIRSTW][ABCDGIRSTW]*\)[ ][ ]*\([_A-Za-z][_A-Za-z0-9]*\)$/\1 \2 \2/p' | sed '/ __gnu_lto/d' \> conftest.nm
configure:5924: $? = 0
configure:5990: gcc -o conftest -g -O2   conftest.c conftstm.o >&5
configure:5993: $? = 0
configure:6031: result: ok
configure:6068: checking for sysroot
configure:6098: result: no
configure:6175: gcc -c -g -O2  conftest.c >&5
configure:6178: $? = 0
configure:6341: checking for mt
configure:6357: found /bin/mt
configure:6368: result: mt
configure:6391: checking if mt is a manifest tool
configure:6397: mt '-?'
configure:6405: result: no
configure:7037: checking how to run the C preprocessor
configure:7068: gcc -E  conftest.c
configure:7068: $? = 0
configure:7082: gcc -E  conftest.c
conftest.c:14:28: fatal error: ac_nonexistent.h: No such file or directory
compilation terminated.
configure:7082: $? = 1
configure: failed program was:
| /* confdefs.h */
| #define PACKAGE_NAME "dbus-python"
| #define PACKAGE_TARNAME "dbus-python"
| #define PACKAGE_VERSION "0.84.0"
| #define PACKAGE_STRING "dbus-python 0.84.0"
| #define PACKAGE_BUGREPORT "http://bugs.freedesktop.org/enter_bug.cgi?product=dbus&component=python"
| #define PACKAGE_URL ""
| #define DBUS_PYTHON_MAJOR_VERSION 0
| #define DBUS_PYTHON_MINOR_VERSION 84
| #define DBUS_PYTHON_MICRO_VERSION 0
| #define PACKAGE "dbus-python"
| #define VERSION "0.84.0"
| /* end confdefs.h.  */
| #include <ac_nonexistent.h>
configure:7107: result: gcc -E
configure:7127: gcc -E  conftest.c
configure:7127: $? = 0
configure:7141: gcc -E  conftest.c
conftest.c:14:28: fatal error: ac_nonexistent.h: No such file or directory
compilation terminated.
configure:7141: $? = 1
configure: failed program was:
| /* confdefs.h */
| #define PACKAGE_NAME "dbus-python"
| #define PACKAGE_TARNAME "dbus-python"
| #define PACKAGE_VERSION "0.84.0"
| #define PACKAGE_STRING "dbus-python 0.84.0"
| #define PACKAGE_BUGREPORT "http://bugs.freedesktop.org/enter_bug.cgi?product=dbus&component=python"
| #define PACKAGE_URL ""
| #define DBUS_PYTHON_MAJOR_VERSION 0
| #define DBUS_PYTHON_MINOR_VERSION 84
| #define DBUS_PYTHON_MICRO_VERSION 0
| #define PACKAGE "dbus-python"
| #define VERSION "0.84.0"
| /* end confdefs.h.  */
| #include <ac_nonexistent.h>
configure:7170: checking for ANSI C header files
configure:7190: gcc -c -g -O2  conftest.c >&5
configure:7190: $? = 0
configure:7263: gcc -o conftest -g -O2   conftest.c  >&5
configure:7263: $? = 0
configure:7263: ./conftest
configure:7263: $? = 0
configure:7274: result: yes
configure:7287: checking for sys/types.h
configure:7287: gcc -c -g -O2  conftest.c >&5
configure:7287: $? = 0
configure:7287: result: yes
configure:7287: checking for sys/stat.h
configure:7287: gcc -c -g -O2  conftest.c >&5
configure:7287: $? = 0
configure:7287: result: yes
configure:7287: checking for stdlib.h
configure:7287: gcc -c -g -O2  conftest.c >&5
configure:7287: $? = 0
configure:7287: result: yes
configure:7287: checking for string.h
configure:7287: gcc -c -g -O2  conftest.c >&5
configure:7287: $? = 0
configure:7287: result: yes
configure:7287: checking for memory.h
configure:7287: gcc -c -g -O2  conftest.c >&5
configure:7287: $? = 0
configure:7287: result: yes
configure:7287: checking for strings.h
configure:7287: gcc -c -g -O2  conftest.c >&5
configure:7287: $? = 0
configure:7287: result: yes
configure:7287: checking for inttypes.h
configure:7287: gcc -c -g -O2  conftest.c >&5
configure:7287: $? = 0
configure:7287: result: yes
configure:7287: checking for stdint.h
configure:7287: gcc -c -g -O2  conftest.c >&5
configure:7287: $? = 0
configure:7287: result: yes
configure:7287: checking for unistd.h
configure:7287: gcc -c -g -O2  conftest.c >&5
configure:7287: $? = 0
configure:7287: result: yes
configure:7301: checking for dlfcn.h
configure:7301: gcc -c -g -O2  conftest.c >&5
configure:7301: $? = 0
configure:7301: result: yes
configure:7458: checking for objdir
configure:7473: result: .libs
configure:7744: checking if gcc supports -fno-rtti -fno-exceptions
configure:7762: gcc -c -g -O2  -fno-rtti -fno-exceptions conftest.c >&5
cc1: warning: command line option '-fno-rtti' is valid for C++/ObjC++ but not for C [enabled by default]
configure:7766: $? = 0
configure:7779: result: no
configure:8089: checking for gcc option to produce PIC
configure:8096: result: -fPIC -DPIC
configure:8104: checking if gcc PIC flag -fPIC -DPIC works
configure:8122: gcc -c -g -O2  -fPIC -DPIC -DPIC conftest.c >&5
configure:8126: $? = 0
configure:8139: result: yes
configure:8168: checking if gcc static flag -static works
configure:8196: result: yes
configure:8211: checking if gcc supports -c -o file.o
configure:8232: gcc -c -g -O2  -o out/conftest2.o conftest.c >&5
configure:8236: $? = 0
configure:8258: result: yes
configure:8266: checking if gcc supports -c -o file.o
configure:8313: result: yes
configure:8346: checking whether the gcc linker (/usr/bin/ld -m elf_x86_64) supports shared libraries
configure:9508: result: yes
configure:9545: checking whether -lc should be explicitly linked in
configure:9553: gcc -c -g -O2  conftest.c >&5
configure:9556: $? = 0
configure:9571: gcc -shared  -fPIC -DPIC conftest.o  -v -Wl,-soname -Wl,conftest -o conftest 2\>\&1 \| /bin/grep  -lc  \>/dev/null 2\>\&1
configure:9574: $? = 0
configure:9588: result: no
configure:9753: checking dynamic linker characteristics
configure:10268: gcc -o conftest -g -O2   -Wl,-rpath -Wl,/foo conftest.c  >&5
configure:10268: $? = 0
configure:10502: result: GNU/Linux ld.so
configure:10609: checking how to hardcode library paths into programs
configure:10634: result: immediate
configure:11174: checking whether stripping libraries is possible
configure:11179: result: yes
configure:11214: checking if libtool supports shared libraries
configure:11216: result: yes
configure:11219: checking whether to build shared libraries
configure:11240: result: yes
configure:11243: checking whether to build static libraries
configure:11247: result: no
configure:11283: checking whether gcc and cc understand -c and -o together
configure:11314: gcc -c conftest.c -o conftest2.o >&5
configure:11318: $? = 0
configure:11324: gcc -c conftest.c -o conftest2.o >&5
configure:11328: $? = 0
configure:11339: cc -c conftest.c >&5
configure:11343: $? = 0
configure:11351: cc -c conftest.c -o conftest2.o >&5
configure:11355: $? = 0
configure:11361: cc -c conftest.c -o conftest2.o >&5
configure:11365: $? = 0
configure:11383: result: yes
configure:11442: checking for a Python interpreter with version >= 2.4.0
configure:11459: python -c import sys # split strings by '.' and convert to numeric. Append some zeros # because we need at least 4 digits for the hex conversion. # map returns an iterator in Python 3.0 and a list in 2.x minver = list(map(int, '2.4.0'.split('.'))) + [0, 0, 0] minverhex = 0 # xrange is not present in Python 3.0 and range returns an iterator for i in list(range(0, 4)): minverhex = (minverhex << 8) + minver[i] sys.exit(sys.hexversion < minverhex)
configure:11462: $? = 0
configure:11468: result: python
configure:11476: checking for python
configure:11494: found /usr/bin/python
configure:11506: result: /usr/bin/python
configure:11524: checking for python version
configure:11531: result: 2.7
configure:11543: checking for python platform
configure:11550: result: linux2
configure:11557: checking for python script directory
configure:11585: result: ${prefix}/lib/python2.7/dist-packages
configure:11594: checking for python extension module directory
configure:11622: result: ${exec_prefix}/lib/python2.7/dist-packages
configure:11644: checking for Python headers using /usr/bin/python-config --includes
configure:11648: result: -I/usr/include/python2.7 -I/usr/include/x86_64-linux-gnu/python2.7
configure:11666: checking whether those headers are sufficient
configure:11675: gcc -E  -I/usr/include/python2.7 -I/usr/include/x86_64-linux-gnu/python2.7 conftest.c
configure:11675: $? = 0
configure:11676: result: yes
configure:11697: checking for Python library linker flags
configure:11700: result: -L/usr/lib/python2.7/config-x86_64-linux-gnu -L/usr/lib -lpthread -ldl  -lutil -lm  -lpython2.7 -Xlinker -export-dynamic -Wl,-O1 -Wl,-Bsymbolic-functions
configure:11707: checking whether you want to build HTML docs
configure:11716: result: if possible
configure:11719: checking whether you want to build API docs
configure:11728: result: if possible
configure:11735: checking for __version__ in python module docutils
Traceback (most recent call last):
  File "<string>", line 2, in <module>
ImportError: No module named docutils
configure:11759: result: no
configure:12123: checking for pkg-config
configure:12141: found /usr/bin/pkg-config
configure:12153: result: /usr/bin/pkg-config
configure:12178: checking pkg-config is at least version 0.9.0
configure:12181: result: yes
configure:12191: checking for DBUS
configure:12198: $PKG_CONFIG --exists --print-errors "dbus-1 >= 1.0"
configure:12201: $? = 0
configure:12215: $PKG_CONFIG --exists --print-errors "dbus-1 >= 1.0"
configure:12218: $? = 0
configure:12276: result: yes
configure:12282: checking for DBUS_GLIB
configure:12289: $PKG_CONFIG --exists --print-errors "dbus-glib-1 >= 0.70"
configure:12292: $? = 0
configure:12306: $PKG_CONFIG --exists --print-errors "dbus-glib-1 >= 0.70"
configure:12309: $? = 0
configure:12367: result: yes
configure:12372: checking for dbus_watch_get_unix_fd in -ldbus-1
configure:12397: gcc -o conftest -g -O2   conftest.c -ldbus-1 -ldbus-1    >&5
configure:12397: $? = 0
configure:12406: result: yes
configure:12416: checking for dbus_message_iter_abandon_container in -ldbus-1
configure:12441: gcc -o conftest -g -O2   conftest.c -ldbus-1 -ldbus-1    >&5
configure:12441: $? = 0
configure:12450: result: yes
configure:12462: checking to see if compiler understands 
configure:12481: gcc -c -g -O2   conftest.c >&5
configure:12481: $? = 0
configure:12497: result: yes
configure:12517: checking to see if compiler understands -Wall
configure:12536: gcc -c -g -O2 -Wall  conftest.c >&5
configure:12536: $? = 0
configure:12552: result: yes
configure:12517: checking to see if compiler understands -Wextra
configure:12536: gcc -c -g -O2 -Wextra  conftest.c >&5
configure:12536: $? = 0
configure:12552: result: yes
configure:12517: checking to see if compiler understands -Wdeclaration-after-statement
configure:12536: gcc -c -g -O2 -Wdeclaration-after-statement  conftest.c >&5
configure:12536: $? = 0
configure:12552: result: yes
configure:12517: checking to see if compiler understands -Wdeprecated-declarations
configure:12536: gcc -c -g -O2 -Wdeprecated-declarations  conftest.c >&5
configure:12536: $? = 0
configure:12552: result: yes
configure:12517: checking to see if compiler understands -Wshadow
configure:12536: gcc -c -g -O2 -Wshadow  conftest.c >&5
configure:12536: $? = 0
configure:12552: result: yes
configure:12517: checking to see if compiler understands -Wstrict-prototypes
configure:12536: gcc -c -g -O2 -Wstrict-prototypes  conftest.c >&5
conftest.c:30:1: warning: function declaration isn't a prototype [-Wstrict-prototypes]
configure:12536: $? = 0
configure:12552: result: yes
configure:12517: checking to see if compiler understands -Wmissing-prototypes
configure:12536: gcc -c -g -O2 -Wmissing-prototypes  conftest.c >&5
configure:12536: $? = 0
configure:12552: result: yes
configure:12517: checking to see if compiler understands -Wmissing-declarations
configure:12536: gcc -c -g -O2 -Wmissing-declarations  conftest.c >&5
configure:12536: $? = 0
configure:12552: result: yes
configure:12517: checking to see if compiler understands -Wsign-compare
configure:12536: gcc -c -g -O2 -Wsign-compare  conftest.c >&5
configure:12536: $? = 0
configure:12552: result: yes
configure:12517: checking to see if compiler understands -Wnested-externs
configure:12536: gcc -c -g -O2 -Wnested-externs  conftest.c >&5
configure:12536: $? = 0
configure:12552: result: yes
configure:12517: checking to see if compiler understands -Wpointer-arith
configure:12536: gcc -c -g -O2 -Wpointer-arith  conftest.c >&5
configure:12536: $? = 0
configure:12552: result: yes
configure:12517: checking to see if compiler understands -Wformat-security
configure:12536: gcc -c -g -O2 -Wformat-security  conftest.c >&5
configure:12536: $? = 0
configure:12552: result: yes
configure:12517: checking to see if compiler understands -Winit-self
configure:12536: gcc -c -g -O2 -Winit-self  conftest.c >&5
configure:12536: $? = 0
configure:12552: result: yes
configure:12559: checking to see if compiler understands -Werror
configure:12578: gcc -c -g -O2 -Werror  conftest.c >&5
configure:12578: $? = 0
configure:12594: result: yes
configure:12600: checking to see if compiler understands -Wno-missing-field-initializers
configure:12619: gcc -c -g -O2 -Wno-missing-field-initializers  conftest.c >&5
configure:12619: $? = 0
configure:12635: result: yes
configure:12639: checking to see if compiler understands -Wno-error=missing-field-initializers
configure:12658: gcc -c -g -O2 -Wno-error=missing-field-initializers  conftest.c >&5
configure:12658: $? = 0
configure:12674: result: yes
configure:12702: checking whether gcc understands -std=c9x
configure:12715: gcc -c -g -O2 -std=c9x  conftest.c >&5
configure:12715: $? = 0
configure:12721: result: yes
configure:12735: checking whether gcc understands -fno-strict-aliasing
configure:12748: gcc -c -g -O2 -std=c9x -fno-strict-aliasing  conftest.c >&5
configure:12748: $? = 0
configure:12754: result: yes
configure:12957: creating ./config.status

## ---------------------- ##
## Running config.status. ##
## ---------------------- ##

This file was extended by dbus-python config.status 0.84.0, which was
generated by GNU Autoconf 2.69.  Invocation command line was

  CONFIG_FILES    = 
  CONFIG_HEADERS  = 
  CONFIG_LINKS    = 
  CONFIG_COMMANDS = 
  $ ./config.status 

on smK0z9x

config.status:1126: creating Makefile
config.status:1126: creating _dbus_bindings/Makefile
config.status:1126: creating _dbus_glib_bindings/Makefile
config.status:1126: creating dbus-python.pc
config.status:1126: creating dbus/_version.py
config.status:1126: creating examples/Makefile
config.status:1126: creating m4/Makefile
config.status:1126: creating test/Makefile
config.status:1126: creating test/tmp-session-bus.conf
config.status:1126: creating test/TestSuitePythonService.service
config.status:1126: creating tools/Makefile
config.status:1126: creating config.h
config.status:1307: config.h is unchanged
config.status:1355: executing depfiles commands
config.status:1355: executing libtool commands

## ---------------- ##
## Cache variables. ##
## ---------------- ##

ac_cv_build=x86_64-unknown-linux-gnu
ac_cv_c_compiler_gnu=yes
ac_cv_env_CC_set=
ac_cv_env_CC_value=
ac_cv_env_CFLAGS_set=
ac_cv_env_CFLAGS_value=
ac_cv_env_CPPFLAGS_set=
ac_cv_env_CPPFLAGS_value=
ac_cv_env_CPP_set=
ac_cv_env_CPP_value=
ac_cv_env_DBUS_CFLAGS_set=
ac_cv_env_DBUS_CFLAGS_value=
ac_cv_env_DBUS_GLIB_CFLAGS_set=
ac_cv_env_DBUS_GLIB_CFLAGS_value=
ac_cv_env_DBUS_GLIB_LIBS_set=
ac_cv_env_DBUS_GLIB_LIBS_value=
ac_cv_env_DBUS_LIBS_set=
ac_cv_env_DBUS_LIBS_value=
ac_cv_env_LDFLAGS_set=
ac_cv_env_LDFLAGS_value=
ac_cv_env_LIBS_set=
ac_cv_env_LIBS_value=
ac_cv_env_PKG_CONFIG_LIBDIR_set=
ac_cv_env_PKG_CONFIG_LIBDIR_value=
ac_cv_env_PKG_CONFIG_PATH_set=
ac_cv_env_PKG_CONFIG_PATH_value=
ac_cv_env_PKG_CONFIG_set=
ac_cv_env_PKG_CONFIG_value=
ac_cv_env_PYTHON_INCLUDES_set=
ac_cv_env_PYTHON_INCLUDES_value=
ac_cv_env_PYTHON_LIBS_set=
ac_cv_env_PYTHON_LIBS_value=
ac_cv_env_PYTHON_set=
ac_cv_env_PYTHON_value=
ac_cv_env_build_alias_set=
ac_cv_env_build_alias_value=
ac_cv_env_host_alias_set=
ac_cv_env_host_alias_value=
ac_cv_env_target_alias_set=
ac_cv_env_target_alias_value=
ac_cv_header_dlfcn_h=yes
ac_cv_header_inttypes_h=yes
ac_cv_header_memory_h=yes
ac_cv_header_stdc=yes
ac_cv_header_stdint_h=yes
ac_cv_header_stdlib_h=yes
ac_cv_header_string_h=yes
ac_cv_header_strings_h=yes
ac_cv_header_sys_stat_h=yes
ac_cv_header_sys_types_h=yes
ac_cv_header_unistd_h=yes
ac_cv_host=x86_64-unknown-linux-gnu
ac_cv_lib_dbus_1_dbus_message_iter_abandon_container=yes
ac_cv_lib_dbus_1_dbus_watch_get_unix_fd=yes
ac_cv_objext=o
ac_cv_path_EGREP='/bin/grep -E'
ac_cv_path_FGREP='/bin/grep -F'
ac_cv_path_GREP=/bin/grep
ac_cv_path_PYTHON=/usr/bin/python
ac_cv_path_SED=/bin/sed
ac_cv_path_ac_pt_PKG_CONFIG=/usr/bin/pkg-config
ac_cv_path_install='/usr/bin/install -c'
ac_cv_path_mkdir=/bin/mkdir
ac_cv_prog_AWK=gawk
ac_cv_prog_CPP='gcc -E'
ac_cv_prog_ac_ct_AR=ar
ac_cv_prog_ac_ct_CC=gcc
ac_cv_prog_ac_ct_MANIFEST_TOOL=mt
ac_cv_prog_ac_ct_OBJDUMP=objdump
ac_cv_prog_ac_ct_RANLIB=ranlib
ac_cv_prog_ac_ct_STRIP=strip
ac_cv_prog_cc_c89=
ac_cv_prog_cc_g=yes
ac_cv_prog_cc_gcc_c_o=yes
ac_cv_prog_make_make_set=yes
am_cv_CC_dependencies_compiler_type=gcc3
am_cv_make_support_nested_variables=yes
am_cv_pathless_PYTHON=python
am_cv_python_platform=linux2
am_cv_python_pyexecdir='${exec_prefix}/lib/python2.7/dist-packages'
am_cv_python_pythondir='${prefix}/lib/python2.7/dist-packages'
am_cv_python_version=2.7
lt_cv_ar_at_file=@
lt_cv_archive_cmds_need_lc=no
lt_cv_deplibs_check_method=pass_all
lt_cv_file_magic_cmd='$MAGIC_CMD'
lt_cv_file_magic_test_file=
lt_cv_ld_reload_flag=-r
lt_cv_nm_interface='BSD nm'
lt_cv_objdir=.libs
lt_cv_path_LD=/usr/bin/ld
lt_cv_path_NM='/usr/bin/nm -B'
lt_cv_path_mainfest_tool=no
lt_cv_prog_compiler_c_o=yes
lt_cv_prog_compiler_pic='-fPIC -DPIC'
lt_cv_prog_compiler_pic_works=yes
lt_cv_prog_compiler_rtti_exceptions=no
lt_cv_prog_compiler_static_works=yes
lt_cv_prog_gnu_ld=yes
lt_cv_sharedlib_from_linklib_cmd='printf %s\n'
lt_cv_shlibpath_overrides_runpath=no
lt_cv_sys_global_symbol_pipe='sed -n -e '\''s/^.*[	 ]\([ABCDGIRSTW][ABCDGIRSTW]*\)[	 ][	 ]*\([_A-Za-z][_A-Za-z0-9]*\)$/\1 \2 \2/p'\'' | sed '\''/ __gnu_lto/d'\'''
lt_cv_sys_global_symbol_to_c_name_address='sed -n -e '\''s/^: \([^ ]*\)[ ]*$/  {\"\1\", (void *) 0},/p'\'' -e '\''s/^[ABCDGIRSTW]* \([^ ]*\) \([^ ]*\)$/  {"\2", (void *) \&\2},/p'\'''
lt_cv_sys_global_symbol_to_c_name_address_lib_prefix='sed -n -e '\''s/^: \([^ ]*\)[ ]*$/  {\"\1\", (void *) 0},/p'\'' -e '\''s/^[ABCDGIRSTW]* \([^ ]*\) \(lib[^ ]*\)$/  {"\2", (void *) \&\2},/p'\'' -e '\''s/^[ABCDGIRSTW]* \([^ ]*\) \([^ ]*\)$/  {"lib\2", (void *) \&\2},/p'\'''
lt_cv_sys_global_symbol_to_cdecl='sed -n -e '\''s/^T .* \(.*\)$/extern int \1();/p'\'' -e '\''s/^[ABCDGIRSTW]* .* \(.*\)$/extern char \1;/p'\'''
lt_cv_sys_max_cmd_len=1572864
lt_cv_to_host_file_cmd=func_convert_file_noop
lt_cv_to_tool_file_cmd=func_convert_file_noop
pkg_cv_DBUS_CFLAGS='-I/usr/include/dbus-1.0 -I/usr/lib/x86_64-linux-gnu/dbus-1.0/include  '
pkg_cv_DBUS_GLIB_CFLAGS='-I/usr/include/dbus-1.0 -I/usr/lib/x86_64-linux-gnu/dbus-1.0/include -I/usr/include/glib-2.0 -I/usr/lib/x86_64-linux-gnu/glib-2.0/include  '
pkg_cv_DBUS_GLIB_LIBS='-ldbus-glib-1 -ldbus-1 -lgobject-2.0 -lglib-2.0  '
pkg_cv_DBUS_LIBS='-ldbus-1  '
py_cv_mod_docutils___version__=no

## ----------------- ##
## Output variables. ##
## ----------------- ##

ACLOCAL='${SHELL} /home/sam/code/matchbot/dbus-python-0.84.0/missing --run aclocal-1.11'
AMDEPBACKSLASH='\'
AMDEP_FALSE='#'
AMDEP_TRUE=''
AMTAR='$${TAR-tar}'
AM_BACKSLASH='\'
AM_DEFAULT_V='$(AM_DEFAULT_VERBOSITY)'
AM_DEFAULT_VERBOSITY='1'
AM_V='$(V)'
AR='ar'
AUTOCONF='${SHELL} /home/sam/code/matchbot/dbus-python-0.84.0/missing --run autoconf'
AUTOHEADER='${SHELL} /home/sam/code/matchbot/dbus-python-0.84.0/missing --run autoheader'
AUTOMAKE='${SHELL} /home/sam/code/matchbot/dbus-python-0.84.0/missing --run automake-1.11'
AWK='gawk'
CC='gcc'
CCDEPMODE='depmode=gcc3'
CFLAGS='-g -O2 -std=c9x -fno-strict-aliasing  -Wall -Wextra -Wdeclaration-after-statement -Wdeprecated-declarations -Wshadow -Wstrict-prototypes -Wmissing-prototypes -Wmissing-declarations -Wsign-compare -Wnested-externs -Wpointer-arith -Wformat-security -Winit-self -Wno-missing-field-initializers'
CPP='gcc -E'
CPPFLAGS=''
CYGPATH_W='echo'
DBUS_CFLAGS='-I/usr/include/dbus-1.0 -I/usr/lib/x86_64-linux-gnu/dbus-1.0/include  '
DBUS_GLIB_CFLAGS='-I/usr/include/dbus-1.0 -I/usr/lib/x86_64-linux-gnu/dbus-1.0/include -I/usr/include/glib-2.0 -I/usr/lib/x86_64-linux-gnu/glib-2.0/include  '
DBUS_GLIB_LIBS='-ldbus-glib-1 -ldbus-1 -lgobject-2.0 -lglib-2.0  '
DBUS_LIBS='-ldbus-1  '
DBUS_PYTHON_MAJOR_VERSION='0'
DBUS_PYTHON_MICRO_VERSION='0'
DBUS_PYTHON_MINOR_VERSION='84'
DEFS='-DHAVE_CONFIG_H'
DEPDIR='.deps'
DLLTOOL='false'
DSYMUTIL=''
DUMPBIN=''
ECHO_C=''
ECHO_N='-n'
ECHO_T=''
EGREP='/bin/grep -E'
ENABLE_API_DOCS_FALSE=''
ENABLE_API_DOCS_TRUE='#'
ENABLE_DOCS_FALSE=''
ENABLE_DOCS_TRUE='#'
EPYDOC=''
EXEEXT=''
FGREP='/bin/grep -F'
GREP='/bin/grep'
INSTALL_DATA='${INSTALL} -m 644'
INSTALL_PROGRAM='${INSTALL}'
INSTALL_SCRIPT='${INSTALL}'
INSTALL_STRIP_PROGRAM='$(install_sh) -c -s'
LD='/usr/bin/ld -m elf_x86_64'
LDFLAGS=''
LIBOBJS=''
LIBS=''
LIBTOOL='$(SHELL) $(top_builddir)/libtool'
LIPO=''
LN_S='ln -s'
LTLIBOBJS=''
MAKEINFO='${SHELL} /home/sam/code/matchbot/dbus-python-0.84.0/missing --run makeinfo'
MANIFEST_TOOL=':'
MKDIR_P='/bin/mkdir -p'
NM='/usr/bin/nm -B'
NMEDIT=''
OBJDUMP='objdump'
OBJEXT='o'
OTOOL64=''
OTOOL=''
PACKAGE='dbus-python'
PACKAGE_BUGREPORT='http://bugs.freedesktop.org/enter_bug.cgi?product=dbus&component=python'
PACKAGE_NAME='dbus-python'
PACKAGE_STRING='dbus-python 0.84.0'
PACKAGE_TARNAME='dbus-python'
PACKAGE_URL=''
PACKAGE_VERSION='0.84.0'
PATH_SEPARATOR=':'
PKG_CONFIG='/usr/bin/pkg-config'
PKG_CONFIG_LIBDIR=''
PKG_CONFIG_PATH=''
PLATFORM='linux-x86_64'
PYTHON='/usr/bin/python'
PYTHON_EXEC_PREFIX='${exec_prefix}'
PYTHON_INCLUDES='-I/usr/include/python2.7 -I/usr/include/x86_64-linux-gnu/python2.7'
PYTHON_LIBS='-L/usr/lib/python2.7/config-x86_64-linux-gnu -L/usr/lib -lpthread -ldl  -lutil -lm  -lpython2.7 -Xlinker -export-dynamic -Wl,-O1 -Wl,-Bsymbolic-functions'
PYTHON_PLATFORM='linux2'
PYTHON_PREFIX='${prefix}'
PYTHON_VERSION='2.7'
RANLIB='ranlib'
RST2HTML=''
RST2HTMLFLAGS=''
SED='/bin/sed'
SET_MAKE=''
SHELL='/bin/bash'
STRIP='strip'
VERSION='0.84.0'
ac_ct_AR='ar'
ac_ct_CC='gcc'
ac_ct_DUMPBIN=''
am__EXEEXT_FALSE=''
am__EXEEXT_TRUE='#'
am__fastdepCC_FALSE='#'
am__fastdepCC_TRUE=''
am__include='include'
am__isrc=''
am__leading_dot='.'
am__nodep='_no'
am__quote=''
am__tar='$${TAR-tar} chof - "$$tardir"'
am__untar='$${TAR-tar} xf -'
bindir='${exec_prefix}/bin'
build='x86_64-unknown-linux-gnu'
build_alias=''
build_cpu='x86_64'
build_os='linux-gnu'
build_vendor='unknown'
datadir='${datarootdir}'
datarootdir='${prefix}/share'
docdir='${datarootdir}/doc/${PACKAGE_TARNAME}'
dvidir='${docdir}'
exec_prefix='${prefix}'
host='x86_64-unknown-linux-gnu'
host_alias=''
host_cpu='x86_64'
host_os='linux-gnu'
host_vendor='unknown'
htmldir='${docdir}'
includedir='${prefix}/include'
infodir='${datarootdir}/info'
install_sh='${SHELL} /home/sam/code/matchbot/dbus-python-0.84.0/install-sh'
libdir='${exec_prefix}/lib'
libexecdir='${exec_prefix}/libexec'
localedir='${datarootdir}/locale'
localstatedir='${prefix}/var'
mandir='${datarootdir}/man'
mkdir_p='/bin/mkdir -p'
oldincludedir='/usr/include'
pdfdir='${docdir}'
pkgpyexecdir='${pyexecdir}/dbus-python'
pkgpythondir='${pythondir}/dbus-python'
prefix='/usr/local'
program_transform_name='s,x,x,'
psdir='${docdir}'
pyexecdir='${exec_prefix}/lib/python2.7/dist-packages'
pythondir='${prefix}/lib/python2.7/dist-packages'
sbindir='${exec_prefix}/sbin'
sharedstatedir='${prefix}/com'
sysconfdir='${prefix}/etc'
target_alias=''

## ----------- ##
## confdefs.h. ##
## ----------- ##

/* confdefs.h */
#define PACKAGE_NAME "dbus-python"
#define PACKAGE_TARNAME "dbus-python"
#define PACKAGE_VERSION "0.84.0"
#define PACKAGE_STRING "dbus-python 0.84.0"
#define PACKAGE_BUGREPORT "http://bugs.freedesktop.org/enter_bug.cgi?product=dbus&component=python"
#define PACKAGE_URL ""
#define DBUS_PYTHON_MAJOR_VERSION 0
#define DBUS_PYTHON_MINOR_VERSION 84
#define DBUS_PYTHON_MICRO_VERSION 0
#define PACKAGE "dbus-python"
#define VERSION "0.84.0"
#define STDC_HEADERS 1
#define HAVE_SYS_TYPES_H 1
#define HAVE_SYS_STAT_H 1
#define HAVE_STDLIB_H 1
#define HAVE_STRING_H 1
#define HAVE_MEMORY_H 1
#define HAVE_STRINGS_H 1
#define HAVE_INTTYPES_H 1
#define HAVE_STDINT_H 1
#define HAVE_UNISTD_H 1
#define HAVE_DLFCN_H 1
#define LT_OBJDIR ".libs/"
#define HAVE_DBUS_WATCH_GET_UNIX_FD /**/
#define HAVE_DBUS_MESSAGE_ITER_ABANDON_CONTAINER /**/

configure: exit 0

## ---------------------- ##
## Running config.status. ##
## ---------------------- ##

This file was extended by dbus-python config.status 0.84.0, which was
generated by GNU Autoconf 2.69.  Invocation command line was

  CONFIG_FILES    = 
  CONFIG_HEADERS  = 
  CONFIG_LINKS    = 
  CONFIG_COMMANDS = 
  $ ./config.status 

on smK0z9x

config.status:1126: creating Makefile
config.status:1126: creating _dbus_bindings/Makefile
config.status:1126: creating _dbus_glib_bindings/Makefile
config.status:1126: creating dbus-python.pc
config.status:1126: creating dbus/_version.py
config.status:1126: creating examples/Makefile
config.status:1126: creating m4/Makefile
config.status:1126: creating test/Makefile
config.status:1126: creating test/tmp-session-bus.conf
config.status:1126: creating test/TestSuitePythonService.service
config.status:1126: creating tools/Makefile
config.status:1126: creating config.h
config.status:1307: config.h is unchanged
config.status:1355: executing depfiles commands
config.status:1355: executing libtool commands
