# Logfile created on 2014-01-25 15:21:16 -0500 by logger.rb/31641
I, [2014-01-25T15:21:16.120356 #34392]  INFO -- : 0:  rake (10.1.1) from /usr/local/rvm/gems/ruby-1.9.3-p392@railstutorial_rails_4_0/specifications/rake-10.1.1.gemspec
I, [2014-01-25T15:21:16.121270 #34392]  INFO -- : 0:  i18n (0.6.9) from /usr/local/rvm/gems/ruby-1.9.3-p392@railstutorial_rails_4_0/specifications/i18n-0.6.9.gemspec
I, [2014-01-25T15:21:16.121901 #34392]  INFO -- : 0:  minitest (4.7.5) from /usr/local/rvm/gems/ruby-1.9.3-p392@railstutorial_rails_4_0/specifications/minitest-4.7.5.gemspec
I, [2014-01-25T15:21:17.315327 #34392]  INFO -- : 0:  multi_json (1.8.4) from /usr/local/rvm/gems/ruby-1.9.3-p392@railstutorial_rails_4_0/specifications/multi_json-1.8.4.gemspec
I, [2014-01-25T15:21:17.316389 #34392]  INFO -- : 0:  atomic (1.1.14) from /usr/local/rvm/gems/ruby-1.9.3-p392@railstutorial_rails_4_0/specifications/atomic-1.1.14.gemspec
I, [2014-01-25T15:21:17.317049 #34392]  INFO -- : 0:  thread_safe (0.1.3) from /usr/local/rvm/gems/ruby-1.9.3-p392@railstutorial_rails_4_0/specifications/thread_safe-0.1.3.gemspec
I, [2014-01-25T15:21:17.317593 #34392]  INFO -- : 0:  tzinfo (0.3.38) from /usr/local/rvm/gems/ruby-1.9.3-p392@railstutorial_rails_4_0/specifications/tzinfo-0.3.38.gemspec
I, [2014-01-25T15:21:17.318057 #34392]  INFO -- : 0:  activesupport (4.0.2) from /usr/local/rvm/gems/ruby-1.9.3-p392@railstutorial_rails_4_0/specifications/activesupport-4.0.2.gemspec
I, [2014-01-25T15:21:17.318785 #34392]  INFO -- : 0:  builder (3.1.4) from /usr/local/rvm/gems/ruby-1.9.3-p392@railstutorial_rails_4_0/specifications/builder-3.1.4.gemspec
I, [2014-01-25T15:21:17.319278 #34392]  INFO -- : 0:  erubis (2.7.0) from /usr/local/rvm/gems/ruby-1.9.3-p392@railstutorial_rails_4_0/specifications/erubis-2.7.0.gemspec
I, [2014-01-25T15:21:17.319991 #34392]  INFO -- : 0:  rack (1.5.2) from /usr/local/rvm/gems/ruby-1.9.3-p392@railstutorial_rails_4_0/specifications/rack-1.5.2.gemspec
I, [2014-01-25T15:21:17.320497 #34392]  INFO -- : 0:  rack-test (0.6.2) from /usr/local/rvm/gems/ruby-1.9.3-p392@railstutorial_rails_4_0/specifications/rack-test-0.6.2.gemspec
I, [2014-01-25T15:21:17.320983 #34392]  INFO -- : 0:  actionpack (4.0.2) from /usr/local/rvm/gems/ruby-1.9.3-p392@railstutorial_rails_4_0/specifications/actionpack-4.0.2.gemspec
I, [2014-01-25T15:21:17.321473 #34392]  INFO -- : 0:  mime-types (1.25.1) from /usr/local/rvm/gems/ruby-1.9.3-p392@railstutorial_rails_4_0/specifications/mime-types-1.25.1.gemspec
I, [2014-01-25T15:21:17.321971 #34392]  INFO -- : 0:  polyglot (0.3.3) from /usr/local/rvm/gems/ruby-1.9.3-p392@railstutorial_rails_4_0/specifications/polyglot-0.3.3.gemspec
I, [2014-01-25T15:21:17.322458 #34392]  INFO -- : 0:  treetop (1.4.15) from /usr/local/rvm/gems/ruby-1.9.3-p392@railstutorial_rails_4_0/specifications/treetop-1.4.15.gemspec
I, [2014-01-25T15:21:17.322991 #34392]  INFO -- : 0:  mail (2.5.4) from /usr/local/rvm/gems/ruby-1.9.3-p392@railstutorial_rails_4_0/specifications/mail-2.5.4.gemspec
I, [2014-01-25T15:21:17.323466 #34392]  INFO -- : 0:  actionmailer (4.0.2) from /usr/local/rvm/gems/ruby-1.9.3-p392@railstutorial_rails_4_0/specifications/actionmailer-4.0.2.gemspec
I, [2014-01-25T15:21:17.323951 #34392]  INFO -- : 0:  activemodel (4.0.2) from /usr/local/rvm/gems/ruby-1.9.3-p392@railstutorial_rails_4_0/specifications/activemodel-4.0.2.gemspec
I, [2014-01-25T15:21:17.324420 #34392]  INFO -- : 0:  activerecord-deprecated_finders (1.0.3) from /usr/local/rvm/gems/ruby-1.9.3-p392@railstutorial_rails_4_0/specifications/activerecord-deprecated_finders-1.0.3.gemspec
I, [2014-01-25T15:21:17.325445 #34392]  INFO -- : 0:  arel (4.0.1) from /usr/local/rvm/gems/ruby-1.9.3-p392@railstutorial_rails_4_0/specifications/arel-4.0.1.gemspec
I, [2014-01-25T15:21:17.326150 #34392]  INFO -- : 0:  activerecord (4.0.2) from /usr/local/rvm/gems/ruby-1.9.3-p392@railstutorial_rails_4_0/specifications/activerecord-4.0.2.gemspec
I, [2014-01-25T15:21:17.326671 #34392]  INFO -- : 0:  mini_portile (0.5.2) from /usr/local/rvm/gems/ruby-1.9.3-p392@railstutorial_rails_4_0/specifications/mini_portile-0.5.2.gemspec
I, [2014-01-25T15:21:17.327207 #34392]  INFO -- : 0:  nokogiri (1.6.1) from /usr/local/rvm/gems/ruby-1.9.3-p392@railstutorial_rails_4_0/specifications/nokogiri-1.6.1.gemspec
I, [2014-01-25T15:21:17.327738 #34392]  INFO -- : 0:  xpath (2.0.0) from /usr/local/rvm/gems/ruby-1.9.3-p392@railstutorial_rails_4_0/specifications/xpath-2.0.0.gemspec
I, [2014-01-25T15:21:17.328214 #34392]  INFO -- : 0:  capybara (2.1.0) from /usr/local/rvm/gems/ruby-1.9.3-p392@railstutorial_rails_4_0/specifications/capybara-2.1.0.gemspec
I, [2014-01-25T15:21:17.328756 #34392]  INFO -- : 0:  ffi (1.9.3) from /usr/local/rvm/gems/ruby-1.9.3-p392@railstutorial_rails_4_0/specifications/ffi-1.9.3.gemspec
I, [2014-01-25T15:21:18.233427 #34392]  INFO -- : 0:  childprocess (0.4.0) from /usr/local/rvm/gems/ruby-1.9.3-p392@railstutorial_rails_4_0/specifications/childprocess-0.4.0.gemspec
I, [2014-01-25T15:21:18.234142 #34392]  INFO -- : 0:  coffee-script-source (1.6.3) from /usr/local/rvm/gems/ruby-1.9.3-p392@railstutorial_rails_4_0/specifications/coffee-script-source-1.6.3.gemspec
I, [2014-01-25T15:21:18.234746 #34392]  INFO -- : 0:  execjs (2.0.2) from /usr/local/rvm/gems/ruby-1.9.3-p392@railstutorial_rails_4_0/specifications/execjs-2.0.2.gemspec
I, [2014-01-25T15:21:18.235241 #34392]  INFO -- : 0:  coffee-script (2.2.0) from /usr/local/rvm/gems/ruby-1.9.3-p392@railstutorial_rails_4_0/specifications/coffee-script-2.2.0.gemspec
I, [2014-01-25T15:21:18.235707 #34392]  INFO -- : 0:  thor (0.18.1) from /usr/local/rvm/gems/ruby-1.9.3-p392@railstutorial_rails_4_0/specifications/thor-0.18.1.gemspec
I, [2014-01-25T15:21:18.236228 #34392]  INFO -- : 0:  railties (4.0.2) from /usr/local/rvm/gems/ruby-1.9.3-p392@railstutorial_rails_4_0/specifications/railties-4.0.2.gemspec
I, [2014-01-25T15:21:18.236735 #34392]  INFO -- : 0:  coffee-rails (4.0.1) from /usr/local/rvm/gems/ruby-1.9.3-p392@railstutorial_rails_4_0/specifications/coffee-rails-4.0.1.gemspec
I, [2014-01-25T15:21:18.237286 #34392]  INFO -- : 0:  diff-lcs (1.2.5) from /usr/local/rvm/gems/ruby-1.9.3-p392@railstutorial_rails_4_0/specifications/diff-lcs-1.2.5.gemspec
I, [2014-01-25T15:21:18.237754 #34392]  INFO -- : 0:  hike (1.2.3) from /usr/local/rvm/gems/ruby-1.9.3-p392@railstutorial_rails_4_0/specifications/hike-1.2.3.gemspec
I, [2014-01-25T15:21:18.238232 #34392]  INFO -- : 0:  jbuilder (1.0.2) from /usr/local/rvm/gems/ruby-1.9.3-p392@railstutorial_rails_4_0/specifications/jbuilder-1.0.2.gemspec
I, [2014-01-25T15:21:18.238703 #34392]  INFO -- : 0:  jquery-rails (3.0.4) from /usr/local/rvm/gems/ruby-1.9.3-p392@railstutorial_rails_4_0/specifications/jquery-rails-3.0.4.gemspec
I, [2014-01-25T15:21:18.239274 #34392]  INFO -- : 0:  json (1.8.1) from /usr/local/rvm/gems/ruby-1.9.3-p392@railstutorial_rails_4_0/specifications/json-1.8.1.gemspec
I, [2014-01-25T15:21:18.239794 #34392]  INFO -- : 0:  bundler (1.5.0) from /usr/local/rvm/gems/ruby-1.9.3-p392@railstutorial_rails_4_0/specifications/bundler-1.5.0.gemspec
I, [2014-01-25T15:21:18.240674 #34392]  INFO -- : 0:  tilt (1.4.1) from /usr/local/rvm/gems/ruby-1.9.3-p392@railstutorial_rails_4_0/specifications/tilt-1.4.1.gemspec
I, [2014-01-25T15:21:18.241310 #34392]  INFO -- : 0:  sprockets (2.10.1) from /usr/local/rvm/gems/ruby-1.9.3-p392@railstutorial_rails_4_0/specifications/sprockets-2.10.1.gemspec
I, [2014-01-25T15:21:18.242012 #34392]  INFO -- : 0:  sprockets-rails (2.0.1) from /usr/local/rvm/gems/ruby-1.9.3-p392@railstutorial_rails_4_0/specifications/sprockets-rails-2.0.1.gemspec
I, [2014-01-25T15:21:18.242488 #34392]  INFO -- : 0:  rails (4.0.2) from /usr/local/rvm/gems/ruby-1.9.3-p392@railstutorial_rails_4_0/specifications/rails-4.0.2.gemspec
I, [2014-01-25T15:21:18.243126 #34392]  INFO -- : 0:  rdoc (3.12.2) from /usr/local/rvm/gems/ruby-1.9.3-p392@railstutorial_rails_4_0/specifications/rdoc-3.12.2.gemspec
I, [2014-01-25T15:21:18.243898 #34392]  INFO -- : 0:  rspec-core (2.13.1) from /usr/local/rvm/gems/ruby-1.9.3-p392@railstutorial_rails_4_0/specifications/rspec-core-2.13.1.gemspec
I, [2014-01-25T15:21:18.244591 #34392]  INFO -- : 0:  rspec-expectations (2.13.0) from /usr/local/rvm/gems/ruby-1.9.3-p392@railstutorial_rails_4_0/specifications/rspec-expectations-2.13.0.gemspec
I, [2014-01-25T15:21:18.245269 #34392]  INFO -- : 0:  rspec-mocks (2.13.1) from /usr/local/rvm/gems/ruby-1.9.3-p392@railstutorial_rails_4_0/specifications/rspec-mocks-2.13.1.gemspec
I, [2014-01-25T15:21:18.246172 #34392]  INFO -- : 0:  rspec-rails (2.13.1) from /usr/local/rvm/gems/ruby-1.9.3-p392@railstutorial_rails_4_0/specifications/rspec-rails-2.13.1.gemspec
I, [2014-01-25T15:21:18.246706 #34392]  INFO -- : 0:  rubyzip (0.9.9) from /usr/local/rvm/gems/ruby-1.9.3-p392@railstutorial_rails_4_0/specifications/rubyzip-0.9.9.gemspec
I, [2014-01-25T15:21:18.247227 #34392]  INFO -- : 0:  sass (3.2.13) from /usr/local/rvm/gems/ruby-1.9.3-p392@railstutorial_rails_4_0/specifications/sass-3.2.13.gemspec
I, [2014-01-25T15:21:18.247743 #34392]  INFO -- : 0:  sass-rails (4.0.1) from /usr/local/rvm/gems/ruby-1.9.3-p392@railstutorial_rails_4_0/specifications/sass-rails-4.0.1.gemspec
I, [2014-01-25T15:21:18.248263 #34392]  INFO -- : 0:  sdoc (0.3.20) from /usr/local/rvm/gems/ruby-1.9.3-p392@railstutorial_rails_4_0/specifications/sdoc-0.3.20.gemspec
I, [2014-01-25T15:21:18.248853 #34392]  INFO -- : 0:  websocket (1.0.7) from /usr/local/rvm/gems/ruby-1.9.3-p392@railstutorial_rails_4_0/specifications/websocket-1.0.7.gemspec
I, [2014-01-25T15:21:18.249360 #34392]  INFO -- : 0:  selenium-webdriver (2.35.1) from /usr/local/rvm/gems/ruby-1.9.3-p392@railstutorial_rails_4_0/specifications/selenium-webdriver-2.35.1.gemspec
I, [2014-01-25T15:21:18.249848 #34392]  INFO -- : 0:  sqlite3 (1.3.8) from /usr/local/rvm/gems/ruby-1.9.3-p392@railstutorial_rails_4_0/specifications/sqlite3-1.3.8.gemspec
I, [2014-01-25T15:21:18.250327 #34392]  INFO -- : 0:  turbolinks (1.1.1) from /usr/local/rvm/gems/ruby-1.9.3-p392@railstutorial_rails_4_0/specifications/turbolinks-1.1.1.gemspec
I, [2014-01-25T15:21:18.250797 #34392]  INFO -- : 0:  uglifier (2.1.1) from /usr/local/rvm/gems/ruby-1.9.3-p392@railstutorial_rails_4_0/specifications/uglifier-2.1.1.gemspec
I, [2014-01-25T15:55:57.045082 #35420]  INFO -- : 0:  rake (10.1.1) from /usr/local/rvm/gems/ruby-1.9.3-p392@railstutorial_rails_4_0/specifications/rake-10.1.1.gemspec
I, [2014-01-25T15:55:57.072651 #35420]  INFO -- : 0:  i18n (0.6.9) from /usr/local/rvm/gems/ruby-1.9.3-p392@railstutorial_rails_4_0/specifications/i18n-0.6.9.gemspec
I, [2014-01-25T15:55:57.073352 #35420]  INFO -- : 0:  minitest (4.7.5) from /usr/local/rvm/gems/ruby-1.9.3-p392@railstutorial_rails_4_0/specifications/minitest-4.7.5.gemspec
I, [2014-01-25T15:55:57.074897 #35420]  INFO -- : 0:  multi_json (1.8.4) from /usr/local/rvm/gems/ruby-1.9.3-p392@railstutorial_rails_4_0/specifications/multi_json-1.8.4.gemspec
I, [2014-01-25T15:55:57.075920 #35420]  INFO -- : 0:  atomic (1.1.14) from /usr/local/rvm/gems/ruby-1.9.3-p392@railstutorial_rails_4_0/specifications/atomic-1.1.14.gemspec
I, [2014-01-25T15:55:57.076490 #35420]  INFO -- : 0:  thread_safe (0.1.3) from /usr/local/rvm/gems/ruby-1.9.3-p392@railstutorial_rails_4_0/specifications/thread_safe-0.1.3.gemspec
I, [2014-01-25T15:55:57.077007 #35420]  INFO -- : 0:  tzinfo (0.3.38) from /usr/local/rvm/gems/ruby-1.9.3-p392@railstutorial_rails_4_0/specifications/tzinfo-0.3.38.gemspec
I, [2014-01-25T15:55:57.077498 #35420]  INFO -- : 0:  activesupport (4.0.2) from /usr/local/rvm/gems/ruby-1.9.3-p392@railstutorial_rails_4_0/specifications/activesupport-4.0.2.gemspec
I, [2014-01-25T15:55:57.078189 #35420]  INFO -- : 0:  builder (3.1.4) from /usr/local/rvm/gems/ruby-1.9.3-p392@railstutorial_rails_4_0/specifications/builder-3.1.4.gemspec
I, [2014-01-25T15:55:57.079122 #35420]  INFO -- : 0:  erubis (2.7.0) from /usr/local/rvm/gems/ruby-1.9.3-p392@railstutorial_rails_4_0/specifications/erubis-2.7.0.gemspec
I, [2014-01-25T15:55:57.079663 #35420]  INFO -- : 0:  rack (1.5.2) from /usr/local/rvm/gems/ruby-1.9.3-p392@railstutorial_rails_4_0/specifications/rack-1.5.2.gemspec
I, [2014-01-25T15:55:57.080194 #35420]  INFO -- : 0:  rack-test (0.6.2) from /usr/local/rvm/gems/ruby-1.9.3-p392@railstutorial_rails_4_0/specifications/rack-test-0.6.2.gemspec
I, [2014-01-25T15:55:57.080707 #35420]  INFO -- : 0:  actionpack (4.0.2) from /usr/local/rvm/gems/ruby-1.9.3-p392@railstutorial_rails_4_0/specifications/actionpack-4.0.2.gemspec
I, [2014-01-25T15:55:57.081225 #35420]  INFO -- : 0:  mime-types (1.25.1) from /usr/local/rvm/gems/ruby-1.9.3-p392@railstutorial_rails_4_0/specifications/mime-types-1.25.1.gemspec
I, [2014-01-25T15:55:57.081691 #35420]  INFO -- : 0:  polyglot (0.3.3) from /usr/local/rvm/gems/ruby-1.9.3-p392@railstutorial_rails_4_0/specifications/polyglot-0.3.3.gemspec
I, [2014-01-25T15:55:57.082161 #35420]  INFO -- : 0:  treetop (1.4.15) from /usr/local/rvm/gems/ruby-1.9.3-p392@railstutorial_rails_4_0/specifications/treetop-1.4.15.gemspec
I, [2014-01-25T15:55:57.082651 #35420]  INFO -- : 0:  mail (2.5.4) from /usr/local/rvm/gems/ruby-1.9.3-p392@railstutorial_rails_4_0/specifications/mail-2.5.4.gemspec
I, [2014-01-25T15:55:57.083131 #35420]  INFO -- : 0:  actionmailer (4.0.2) from /usr/local/rvm/gems/ruby-1.9.3-p392@railstutorial_rails_4_0/specifications/actionmailer-4.0.2.gemspec
I, [2014-01-25T15:55:57.083594 #35420]  INFO -- : 0:  activemodel (4.0.2) from /usr/local/rvm/gems/ruby-1.9.3-p392@railstutorial_rails_4_0/specifications/activemodel-4.0.2.gemspec
I, [2014-01-25T15:55:57.084203 #35420]  INFO -- : 0:  activerecord-deprecated_finders (1.0.3) from /usr/local/rvm/gems/ruby-1.9.3-p392@railstutorial_rails_4_0/specifications/activerecord-deprecated_finders-1.0.3.gemspec
I, [2014-01-25T15:55:57.084710 #35420]  INFO -- : 0:  arel (4.0.1) from /usr/local/rvm/gems/ruby-1.9.3-p392@railstutorial_rails_4_0/specifications/arel-4.0.1.gemspec
I, [2014-01-25T15:55:57.085177 #35420]  INFO -- : 0:  activerecord (4.0.2) from /usr/local/rvm/gems/ruby-1.9.3-p392@railstutorial_rails_4_0/specifications/activerecord-4.0.2.gemspec
I, [2014-01-25T15:55:57.085633 #35420]  INFO -- : 0:  mini_portile (0.5.2) from /usr/local/rvm/gems/ruby-1.9.3-p392@railstutorial_rails_4_0/specifications/mini_portile-0.5.2.gemspec
I, [2014-01-25T15:55:57.086082 #35420]  INFO -- : 0:  nokogiri (1.6.1) from /usr/local/rvm/gems/ruby-1.9.3-p392@railstutorial_rails_4_0/specifications/nokogiri-1.6.1.gemspec
I, [2014-01-25T15:55:57.086520 #35420]  INFO -- : 0:  xpath (2.0.0) from /usr/local/rvm/gems/ruby-1.9.3-p392@railstutorial_rails_4_0/specifications/xpath-2.0.0.gemspec
I, [2014-01-25T15:55:57.086998 #35420]  INFO -- : 0:  capybara (2.1.0) from /usr/local/rvm/gems/ruby-1.9.3-p392@railstutorial_rails_4_0/specifications/capybara-2.1.0.gemspec
I, [2014-01-25T15:55:57.087473 #35420]  INFO -- : 0:  ffi (1.9.3) from /usr/local/rvm/gems/ruby-1.9.3-p392@railstutorial_rails_4_0/specifications/ffi-1.9.3.gemspec
I, [2014-01-25T15:55:57.088005 #35420]  INFO -- : 0:  childprocess (0.4.0) from /usr/local/rvm/gems/ruby-1.9.3-p392@railstutorial_rails_4_0/specifications/childprocess-0.4.0.gemspec
I, [2014-01-25T15:55:57.088528 #35420]  INFO -- : 0:  coffee-script-source (1.6.3) from /usr/local/rvm/gems/ruby-1.9.3-p392@railstutorial_rails_4_0/specifications/coffee-script-source-1.6.3.gemspec
I, [2014-01-25T15:55:57.089027 #35420]  INFO -- : 0:  execjs (2.0.2) from /usr/local/rvm/gems/ruby-1.9.3-p392@railstutorial_rails_4_0/specifications/execjs-2.0.2.gemspec
I, [2014-01-25T15:55:57.089618 #35420]  INFO -- : 0:  coffee-script (2.2.0) from /usr/local/rvm/gems/ruby-1.9.3-p392@railstutorial_rails_4_0/specifications/coffee-script-2.2.0.gemspec
I, [2014-01-25T15:55:57.090112 #35420]  INFO -- : 0:  thor (0.18.1) from /usr/local/rvm/gems/ruby-1.9.3-p392@railstutorial_rails_4_0/specifications/thor-0.18.1.gemspec
I, [2014-01-25T15:55:57.090631 #35420]  INFO -- : 0:  railties (4.0.2) from /usr/local/rvm/gems/ruby-1.9.3-p392@railstutorial_rails_4_0/specifications/railties-4.0.2.gemspec
I, [2014-01-25T15:55:57.091103 #35420]  INFO -- : 0:  coffee-rails (4.0.1) from /usr/local/rvm/gems/ruby-1.9.3-p392@railstutorial_rails_4_0/specifications/coffee-rails-4.0.1.gemspec
I, [2014-01-25T15:55:57.091573 #35420]  INFO -- : 0:  diff-lcs (1.2.5) from /usr/local/rvm/gems/ruby-1.9.3-p392@railstutorial_rails_4_0/specifications/diff-lcs-1.2.5.gemspec
I, [2014-01-25T15:55:57.092091 #35420]  INFO -- : 0:  hike (1.2.3) from /usr/local/rvm/gems/ruby-1.9.3-p392@railstutorial_rails_4_0/specifications/hike-1.2.3.gemspec
I, [2014-01-25T15:55:57.092618 #35420]  INFO -- : 0:  jbuilder (1.0.2) from /usr/local/rvm/gems/ruby-1.9.3-p392@railstutorial_rails_4_0/specifications/jbuilder-1.0.2.gemspec
I, [2014-01-25T15:55:57.093097 #35420]  INFO -- : 0:  jquery-rails (3.0.4) from /usr/local/rvm/gems/ruby-1.9.3-p392@railstutorial_rails_4_0/specifications/jquery-rails-3.0.4.gemspec
I, [2014-01-25T15:55:57.093579 #35420]  INFO -- : 0:  json (1.8.1) from /usr/local/rvm/gems/ruby-1.9.3-p392@railstutorial_rails_4_0/specifications/json-1.8.1.gemspec
I, [2014-01-25T15:55:57.094051 #35420]  INFO -- : 0:  bundler (1.5.0) from /usr/local/rvm/gems/ruby-1.9.3-p392@railstutorial_rails_4_0/specifications/bundler-1.5.0.gemspec
I, [2014-01-25T15:55:57.094544 #35420]  INFO -- : 0:  tilt (1.4.1) from /usr/local/rvm/gems/ruby-1.9.3-p392@railstutorial_rails_4_0/specifications/tilt-1.4.1.gemspec
I, [2014-01-25T15:55:57.095044 #35420]  INFO -- : 0:  sprockets (2.10.1) from /usr/local/rvm/gems/ruby-1.9.3-p392@railstutorial_rails_4_0/specifications/sprockets-2.10.1.gemspec
I, [2014-01-25T15:55:57.095707 #35420]  INFO -- : 0:  sprockets-rails (2.0.1) from /usr/local/rvm/gems/ruby-1.9.3-p392@railstutorial_rails_4_0/specifications/sprockets-rails-2.0.1.gemspec
I, [2014-01-25T15:55:57.096223 #35420]  INFO -- : 0:  rails (4.0.2) from /usr/local/rvm/gems/ruby-1.9.3-p392@railstutorial_rails_4_0/specifications/rails-4.0.2.gemspec
I, [2014-01-25T15:55:57.096740 #35420]  INFO -- : 0:  rdoc (3.12.2) from /usr/local/rvm/gems/ruby-1.9.3-p392@railstutorial_rails_4_0/specifications/rdoc-3.12.2.gemspec
I, [2014-01-25T15:55:57.097210 #35420]  INFO -- : 0:  rspec-core (2.13.1) from /usr/local/rvm/gems/ruby-1.9.3-p392@railstutorial_rails_4_0/specifications/rspec-core-2.13.1.gemspec
I, [2014-01-25T15:55:57.097874 #35420]  INFO -- : 0:  rspec-expectations (2.13.0) from /usr/local/rvm/gems/ruby-1.9.3-p392@railstutorial_rails_4_0/specifications/rspec-expectations-2.13.0.gemspec
I, [2014-01-25T15:55:57.098423 #35420]  INFO -- : 0:  rspec-mocks (2.13.1) from /usr/local/rvm/gems/ruby-1.9.3-p392@railstutorial_rails_4_0/specifications/rspec-mocks-2.13.1.gemspec
I, [2014-01-25T15:55:57.098973 #35420]  INFO -- : 0:  rspec-rails (2.13.1) from /usr/local/rvm/gems/ruby-1.9.3-p392@railstutorial_rails_4_0/specifications/rspec-rails-2.13.1.gemspec
I, [2014-01-25T15:55:57.099452 #35420]  INFO -- : 0:  rubyzip (0.9.9) from /usr/local/rvm/gems/ruby-1.9.3-p392@railstutorial_rails_4_0/specifications/rubyzip-0.9.9.gemspec
I, [2014-01-25T15:55:57.099969 #35420]  INFO -- : 0:  sass (3.2.13) from /usr/local/rvm/gems/ruby-1.9.3-p392@railstutorial_rails_4_0/specifications/sass-3.2.13.gemspec
I, [2014-01-25T15:55:57.100437 #35420]  INFO -- : 0:  sass-rails (4.0.1) from /usr/local/rvm/gems/ruby-1.9.3-p392@railstutorial_rails_4_0/specifications/sass-rails-4.0.1.gemspec
I, [2014-01-25T15:55:57.100913 #35420]  INFO -- : 0:  sdoc (0.3.20) from /usr/local/rvm/gems/ruby-1.9.3-p392@railstutorial_rails_4_0/specifications/sdoc-0.3.20.gemspec
I, [2014-01-25T15:55:57.101417 #35420]  INFO -- : 0:  websocket (1.0.7) from /usr/local/rvm/gems/ruby-1.9.3-p392@railstutorial_rails_4_0/specifications/websocket-1.0.7.gemspec
I, [2014-01-25T15:55:57.101966 #35420]  INFO -- : 0:  selenium-webdriver (2.35.1) from /usr/local/rvm/gems/ruby-1.9.3-p392@railstutorial_rails_4_0/specifications/selenium-webdriver-2.35.1.gemspec
I, [2014-01-25T15:55:57.102438 #35420]  INFO -- : 0:  sqlite3 (1.3.8) from /usr/local/rvm/gems/ruby-1.9.3-p392@railstutorial_rails_4_0/specifications/sqlite3-1.3.8.gemspec
I, [2014-01-25T15:55:57.102927 #35420]  INFO -- : 0:  turbolinks (1.1.1) from /usr/local/rvm/gems/ruby-1.9.3-p392@railstutorial_rails_4_0/specifications/turbolinks-1.1.1.gemspec
I, [2014-01-25T15:55:57.103391 #35420]  INFO -- : 0:  uglifier (2.1.1) from /usr/local/rvm/gems/ruby-1.9.3-p392@railstutorial_rails_4_0/specifications/uglifier-2.1.1.gemspec
I, [2014-01-25T15:57:36.224079 #35442]  INFO -- : 0:  rake (10.1.1) from /usr/local/rvm/gems/ruby-1.9.3-p392@railstutorial_rails_4_0/specifications/rake-10.1.1.gemspec
I, [2014-01-25T15:57:36.224903 #35442]  INFO -- : 0:  i18n (0.6.9) from /usr/local/rvm/gems/ruby-1.9.3-p392@railstutorial_rails_4_0/specifications/i18n-0.6.9.gemspec
I, [2014-01-25T15:57:36.225458 #35442]  INFO -- : 0:  minitest (4.7.5) from /usr/local/rvm/gems/ruby-1.9.3-p392@railstutorial_rails_4_0/specifications/minitest-4.7.5.gemspec
I, [2014-01-25T15:57:36.225945 #35442]  INFO -- : 0:  multi_json (1.8.4) from /usr/local/rvm/gems/ruby-1.9.3-p392@railstutorial_rails_4_0/specifications/multi_json-1.8.4.gemspec
I, [2014-01-25T15:57:36.226431 #35442]  INFO -- : 0:  atomic (1.1.14) from /usr/local/rvm/gems/ruby-1.9.3-p392@railstutorial_rails_4_0/specifications/atomic-1.1.14.gemspec
I, [2014-01-25T15:57:36.226904 #35442]  INFO -- : 0:  thread_safe (0.1.3) from /usr/local/rvm/gems/ruby-1.9.3-p392@railstutorial_rails_4_0/specifications/thread_safe-0.1.3.gemspec
I, [2014-01-25T15:57:36.227384 #35442]  INFO -- : 0:  tzinfo (0.3.38) from /usr/local/rvm/gems/ruby-1.9.3-p392@railstutorial_rails_4_0/specifications/tzinfo-0.3.38.gemspec
I, [2014-01-25T15:57:36.227995 #35442]  INFO -- : 0:  activesupport (4.0.2) from /usr/local/rvm/gems/ruby-1.9.3-p392@railstutorial_rails_4_0/specifications/activesupport-4.0.2.gemspec
I, [2014-01-25T15:57:36.228479 #35442]  INFO -- : 0:  builder (3.1.4) from /usr/local/rvm/gems/ruby-1.9.3-p392@railstutorial_rails_4_0/specifications/builder-3.1.4.gemspec
I, [2014-01-25T15:57:36.228941 #35442]  INFO -- : 0:  erubis (2.7.0) from /usr/local/rvm/gems/ruby-1.9.3-p392@railstutorial_rails_4_0/specifications/erubis-2.7.0.gemspec
I, [2014-01-25T15:57:36.229414 #35442]  INFO -- : 0:  rack (1.5.2) from /usr/local/rvm/gems/ruby-1.9.3-p392@railstutorial_rails_4_0/specifications/rack-1.5.2.gemspec
I, [2014-01-25T15:57:36.229891 #35442]  INFO -- : 0:  rack-test (0.6.2) from /usr/local/rvm/gems/ruby-1.9.3-p392@railstutorial_rails_4_0/specifications/rack-test-0.6.2.gemspec
I, [2014-01-25T15:57:36.230451 #35442]  INFO -- : 0:  actionpack (4.0.2) from /usr/local/rvm/gems/ruby-1.9.3-p392@railstutorial_rails_4_0/specifications/actionpack-4.0.2.gemspec
I, [2014-01-25T15:57:36.230976 #35442]  INFO -- : 0:  mime-types (1.25.1) from /usr/local/rvm/gems/ruby-1.9.3-p392@railstutorial_rails_4_0/specifications/mime-types-1.25.1.gemspec
I, [2014-01-25T15:57:36.231473 #35442]  INFO -- : 0:  polyglot (0.3.3) from /usr/local/rvm/gems/ruby-1.9.3-p392@railstutorial_rails_4_0/specifications/polyglot-0.3.3.gemspec
I, [2014-01-25T15:57:36.231938 #35442]  INFO -- : 0:  treetop (1.4.15) from /usr/local/rvm/gems/ruby-1.9.3-p392@railstutorial_rails_4_0/specifications/treetop-1.4.15.gemspec
I, [2014-01-25T15:57:36.232402 #35442]  INFO -- : 0:  mail (2.5.4) from /usr/local/rvm/gems/ruby-1.9.3-p392@railstutorial_rails_4_0/specifications/mail-2.5.4.gemspec
I, [2014-01-25T15:57:36.232880 #35442]  INFO -- : 0:  actionmailer (4.0.2) from /usr/local/rvm/gems/ruby-1.9.3-p392@railstutorial_rails_4_0/specifications/actionmailer-4.0.2.gemspec
I, [2014-01-25T15:57:36.233412 #35442]  INFO -- : 0:  activemodel (4.0.2) from /usr/local/rvm/gems/ruby-1.9.3-p392@railstutorial_rails_4_0/specifications/activemodel-4.0.2.gemspec
I, [2014-01-25T15:57:36.233922 #35442]  INFO -- : 0:  activerecord-deprecated_finders (1.0.3) from /usr/local/rvm/gems/ruby-1.9.3-p392@railstutorial_rails_4_0/specifications/activerecord-deprecated_finders-1.0.3.gemspec
I, [2014-01-25T15:57:36.234402 #35442]  INFO -- : 0:  arel (4.0.1) from /usr/local/rvm/gems/ruby-1.9.3-p392@railstutorial_rails_4_0/specifications/arel-4.0.1.gemspec
I, [2014-01-25T15:57:36.234866 #35442]  INFO -- : 0:  activerecord (4.0.2) from /usr/local/rvm/gems/ruby-1.9.3-p392@railstutorial_rails_4_0/specifications/activerecord-4.0.2.gemspec
I, [2014-01-25T15:57:36.235398 #35442]  INFO -- : 0:  mini_portile (0.5.2) from /usr/local/rvm/gems/ruby-1.9.3-p392@railstutorial_rails_4_0/specifications/mini_portile-0.5.2.gemspec
I, [2014-01-25T15:57:36.235909 #35442]  INFO -- : 0:  nokogiri (1.6.1) from /usr/local/rvm/gems/ruby-1.9.3-p392@railstutorial_rails_4_0/specifications/nokogiri-1.6.1.gemspec
I, [2014-01-25T15:57:36.236486 #35442]  INFO -- : 0:  xpath (2.0.0) from /usr/local/rvm/gems/ruby-1.9.3-p392@railstutorial_rails_4_0/specifications/xpath-2.0.0.gemspec
I, [2014-01-25T15:57:36.236978 #35442]  INFO -- : 0:  capybara (2.1.0) from /usr/local/rvm/gems/ruby-1.9.3-p392@railstutorial_rails_4_0/specifications/capybara-2.1.0.gemspec
I, [2014-01-25T15:57:36.237433 #35442]  INFO -- : 0:  ffi (1.9.3) from /usr/local/rvm/gems/ruby-1.9.3-p392@railstutorial_rails_4_0/specifications/ffi-1.9.3.gemspec
I, [2014-01-25T15:57:36.237900 #35442]  INFO -- : 0:  childprocess (0.4.0) from /usr/local/rvm/gems/ruby-1.9.3-p392@railstutorial_rails_4_0/specifications/childprocess-0.4.0.gemspec
I, [2014-01-25T15:57:36.238537 #35442]  INFO -- : 0:  coffee-script-source (1.6.3) from /usr/local/rvm/gems/ruby-1.9.3-p392@railstutorial_rails_4_0/specifications/coffee-script-source-1.6.3.gemspec
I, [2014-01-25T15:57:36.239095 #35442]  INFO -- : 0:  execjs (2.0.2) from /usr/local/rvm/gems/ruby-1.9.3-p392@railstutorial_rails_4_0/specifications/execjs-2.0.2.gemspec
I, [2014-01-25T15:57:36.239590 #35442]  INFO -- : 0:  coffee-script (2.2.0) from /usr/local/rvm/gems/ruby-1.9.3-p392@railstutorial_rails_4_0/specifications/coffee-script-2.2.0.gemspec
I, [2014-01-25T15:57:36.240069 #35442]  INFO -- : 0:  thor (0.18.1) from /usr/local/rvm/gems/ruby-1.9.3-p392@railstutorial_rails_4_0/specifications/thor-0.18.1.gemspec
I, [2014-01-25T15:57:36.240550 #35442]  INFO -- : 0:  railties (4.0.2) from /usr/local/rvm/gems/ruby-1.9.3-p392@railstutorial_rails_4_0/specifications/railties-4.0.2.gemspec
I, [2014-01-25T15:57:36.241045 #35442]  INFO -- : 0:  coffee-rails (4.0.1) from /usr/local/rvm/gems/ruby-1.9.3-p392@railstutorial_rails_4_0/specifications/coffee-rails-4.0.1.gemspec
I, [2014-01-25T15:57:36.241524 #35442]  INFO -- : 0:  diff-lcs (1.2.5) from /usr/local/rvm/gems/ruby-1.9.3-p392@railstutorial_rails_4_0/specifications/diff-lcs-1.2.5.gemspec
I, [2014-01-25T15:57:36.242058 #35442]  INFO -- : 0:  hike (1.2.3) from /usr/local/rvm/gems/ruby-1.9.3-p392@railstutorial_rails_4_0/specifications/hike-1.2.3.gemspec
I, [2014-01-25T15:57:36.242788 #35442]  INFO -- : 0:  jbuilder (1.0.2) from /usr/local/rvm/gems/ruby-1.9.3-p392@railstutorial_rails_4_0/specifications/jbuilder-1.0.2.gemspec
I, [2014-01-25T15:57:36.248389 #35442]  INFO -- : 0:  jquery-rails (3.0.4) from /usr/local/rvm/gems/ruby-1.9.3-p392@railstutorial_rails_4_0/specifications/jquery-rails-3.0.4.gemspec
I, [2014-01-25T15:57:36.249280 #35442]  INFO -- : 0:  json (1.8.1) from /usr/local/rvm/gems/ruby-1.9.3-p392@railstutorial_rails_4_0/specifications/json-1.8.1.gemspec
I, [2014-01-25T15:57:36.249783 #35442]  INFO -- : 0:  bundler (1.5.0) from /usr/local/rvm/gems/ruby-1.9.3-p392@railstutorial_rails_4_0/specifications/bundler-1.5.0.gemspec
I, [2014-01-25T15:57:36.250257 #35442]  INFO -- : 0:  tilt (1.4.1) from /usr/local/rvm/gems/ruby-1.9.3-p392@railstutorial_rails_4_0/specifications/tilt-1.4.1.gemspec
I, [2014-01-25T15:57:36.250798 #35442]  INFO -- : 0:  sprockets (2.10.1) from /usr/local/rvm/gems/ruby-1.9.3-p392@railstutorial_rails_4_0/specifications/sprockets-2.10.1.gemspec
I, [2014-01-25T15:57:36.251357 #35442]  INFO -- : 0:  sprockets-rails (2.0.1) from /usr/local/rvm/gems/ruby-1.9.3-p392@railstutorial_rails_4_0/specifications/sprockets-rails-2.0.1.gemspec
I, [2014-01-25T15:57:36.251837 #35442]  INFO -- : 0:  rails (4.0.2) from /usr/local/rvm/gems/ruby-1.9.3-p392@railstutorial_rails_4_0/specifications/rails-4.0.2.gemspec
I, [2014-01-25T15:57:36.252314 #35442]  INFO -- : 0:  rdoc (3.12.2) from /usr/local/rvm/gems/ruby-1.9.3-p392@railstutorial_rails_4_0/specifications/rdoc-3.12.2.gemspec
I, [2014-01-25T15:57:36.252780 #35442]  INFO -- : 0:  rspec-core (2.13.1) from /usr/local/rvm/gems/ruby-1.9.3-p392@railstutorial_rails_4_0/specifications/rspec-core-2.13.1.gemspec
I, [2014-01-25T15:57:36.253254 #35442]  INFO -- : 0:  rspec-expectations (2.13.0) from /usr/local/rvm/gems/ruby-1.9.3-p392@railstutorial_rails_4_0/specifications/rspec-expectations-2.13.0.gemspec
I, [2014-01-25T15:57:36.253847 #35442]  INFO -- : 0:  rspec-mocks (2.13.1) from /usr/local/rvm/gems/ruby-1.9.3-p392@railstutorial_rails_4_0/specifications/rspec-mocks-2.13.1.gemspec
I, [2014-01-25T15:57:36.254610 #35442]  INFO -- : 0:  rspec-rails (2.13.1) from /usr/local/rvm/gems/ruby-1.9.3-p392@railstutorial_rails_4_0/specifications/rspec-rails-2.13.1.gemspec
I, [2014-01-25T15:57:36.255448 #35442]  INFO -- : 0:  rubyzip (0.9.9) from /usr/local/rvm/gems/ruby-1.9.3-p392@railstutorial_rails_4_0/specifications/rubyzip-0.9.9.gemspec
I, [2014-01-25T15:57:36.256012 #35442]  INFO -- : 0:  sass (3.2.13) from /usr/local/rvm/gems/ruby-1.9.3-p392@railstutorial_rails_4_0/specifications/sass-3.2.13.gemspec
I, [2014-01-25T15:57:36.256572 #35442]  INFO -- : 0:  sass-rails (4.0.1) from /usr/local/rvm/gems/ruby-1.9.3-p392@railstutorial_rails_4_0/specifications/sass-rails-4.0.1.gemspec
I, [2014-01-25T15:57:36.257058 #35442]  INFO -- : 0:  sdoc (0.3.20) from /usr/local/rvm/gems/ruby-1.9.3-p392@railstutorial_rails_4_0/specifications/sdoc-0.3.20.gemspec
I, [2014-01-25T15:57:36.257535 #35442]  INFO -- : 0:  websocket (1.0.7) from /usr/local/rvm/gems/ruby-1.9.3-p392@railstutorial_rails_4_0/specifications/websocket-1.0.7.gemspec
I, [2014-01-25T15:57:36.257999 #35442]  INFO -- : 0:  selenium-webdriver (2.35.1) from /usr/local/rvm/gems/ruby-1.9.3-p392@railstutorial_rails_4_0/specifications/selenium-webdriver-2.35.1.gemspec
I, [2014-01-25T15:57:36.258481 #35442]  INFO -- : 0:  sqlite3 (1.3.8) from /usr/local/rvm/gems/ruby-1.9.3-p392@railstutorial_rails_4_0/specifications/sqlite3-1.3.8.gemspec
I, [2014-01-25T15:57:36.258980 #35442]  INFO -- : 0:  turbolinks (1.1.1) from /usr/local/rvm/gems/ruby-1.9.3-p392@railstutorial_rails_4_0/specifications/turbolinks-1.1.1.gemspec
I, [2014-01-25T15:57:36.259507 #35442]  INFO -- : 0:  uglifier (2.1.1) from /usr/local/rvm/gems/ruby-1.9.3-p392@railstutorial_rails_4_0/specifications/uglifier-2.1.1.gemspec
I, [2014-01-25T16:11:50.619411 #35866]  INFO -- : 0:  rake (10.1.1) from /usr/local/rvm/gems/ruby-1.9.3-p392@railstutorial_rails_4_0/specifications/rake-10.1.1.gemspec
I, [2014-01-25T16:11:50.620202 #35866]  INFO -- : 0:  i18n (0.6.9) from /usr/local/rvm/gems/ruby-1.9.3-p392@railstutorial_rails_4_0/specifications/i18n-0.6.9.gemspec
I, [2014-01-25T16:11:50.620722 #35866]  INFO -- : 0:  minitest (4.7.5) from /usr/local/rvm/gems/ruby-1.9.3-p392@railstutorial_rails_4_0/specifications/minitest-4.7.5.gemspec
I, [2014-01-25T16:11:50.621224 #35866]  INFO -- : 0:  multi_json (1.8.4) from /usr/local/rvm/gems/ruby-1.9.3-p392@railstutorial_rails_4_0/specifications/multi_json-1.8.4.gemspec
I, [2014-01-25T16:11:50.621705 #35866]  INFO -- : 0:  atomic (1.1.14) from /usr/local/rvm/gems/ruby-1.9.3-p392@railstutorial_rails_4_0/specifications/atomic-1.1.14.gemspec
I, [2014-01-25T16:11:50.622252 #35866]  INFO -- : 0:  thread_safe (0.1.3) from /usr/local/rvm/gems/ruby-1.9.3-p392@railstutorial_rails_4_0/specifications/thread_safe-0.1.3.gemspec
I, [2014-01-25T16:11:50.622729 #35866]  INFO -- : 0:  tzinfo (0.3.38) from /usr/local/rvm/gems/ruby-1.9.3-p392@railstutorial_rails_4_0/specifications/tzinfo-0.3.38.gemspec
I, [2014-01-25T16:11:50.623353 #35866]  INFO -- : 0:  activesupport (4.0.2) from /usr/local/rvm/gems/ruby-1.9.3-p392@railstutorial_rails_4_0/specifications/activesupport-4.0.2.gemspec
I, [2014-01-25T16:11:50.624210 #35866]  INFO -- : 0:  builder (3.1.4) from /usr/local/rvm/gems/ruby-1.9.3-p392@railstutorial_rails_4_0/specifications/builder-3.1.4.gemspec
I, [2014-01-25T16:11:50.624731 #35866]  INFO -- : 0:  erubis (2.7.0) from /usr/local/rvm/gems/ruby-1.9.3-p392@railstutorial_rails_4_0/specifications/erubis-2.7.0.gemspec
I, [2014-01-25T16:11:50.625297 #35866]  INFO -- : 0:  rack (1.5.2) from /usr/local/rvm/gems/ruby-1.9.3-p392@railstutorial_rails_4_0/specifications/rack-1.5.2.gemspec
I, [2014-01-25T16:11:50.625767 #35866]  INFO -- : 0:  rack-test (0.6.2) from /usr/local/rvm/gems/ruby-1.9.3-p392@railstutorial_rails_4_0/specifications/rack-test-0.6.2.gemspec
I, [2014-01-25T16:11:50.626256 #35866]  INFO -- : 0:  actionpack (4.0.2) from /usr/local/rvm/gems/ruby-1.9.3-p392@railstutorial_rails_4_0/specifications/actionpack-4.0.2.gemspec
I, [2014-01-25T16:11:50.626740 #35866]  INFO -- : 0:  mime-types (1.25.1) from /usr/local/rvm/gems/ruby-1.9.3-p392@railstutorial_rails_4_0/specifications/mime-types-1.25.1.gemspec
I, [2014-01-25T16:11:50.627209 #35866]  INFO -- : 0:  polyglot (0.3.3) from /usr/local/rvm/gems/ruby-1.9.3-p392@railstutorial_rails_4_0/specifications/polyglot-0.3.3.gemspec
I, [2014-01-25T16:11:50.627664 #35866]  INFO -- : 0:  treetop (1.4.15) from /usr/local/rvm/gems/ruby-1.9.3-p392@railstutorial_rails_4_0/specifications/treetop-1.4.15.gemspec
I, [2014-01-25T16:11:50.628204 #35866]  INFO -- : 0:  mail (2.5.4) from /usr/local/rvm/gems/ruby-1.9.3-p392@railstutorial_rails_4_0/specifications/mail-2.5.4.gemspec
I, [2014-01-25T16:11:50.628720 #35866]  INFO -- : 0:  actionmailer (4.0.2) from /usr/local/rvm/gems/ruby-1.9.3-p392@railstutorial_rails_4_0/specifications/actionmailer-4.0.2.gemspec
I, [2014-01-25T16:11:50.629284 #35866]  INFO -- : 0:  activemodel (4.0.2) from /usr/local/rvm/gems/ruby-1.9.3-p392@railstutorial_rails_4_0/specifications/activemodel-4.0.2.gemspec
I, [2014-01-25T16:11:50.629795 #35866]  INFO -- : 0:  activerecord-deprecated_finders (1.0.3) from /usr/local/rvm/gems/ruby-1.9.3-p392@railstutorial_rails_4_0/specifications/activerecord-deprecated_finders-1.0.3.gemspec
I, [2014-01-25T16:11:50.630366 #35866]  INFO -- : 0:  arel (4.0.1) from /usr/local/rvm/gems/ruby-1.9.3-p392@railstutorial_rails_4_0/specifications/arel-4.0.1.gemspec
I, [2014-01-25T16:11:50.630991 #35866]  INFO -- : 0:  activerecord (4.0.2) from /usr/local/rvm/gems/ruby-1.9.3-p392@railstutorial_rails_4_0/specifications/activerecord-4.0.2.gemspec
I, [2014-01-25T16:11:50.631508 #35866]  INFO -- : 0:  mini_portile (0.5.2) from /usr/local/rvm/gems/ruby-1.9.3-p392@railstutorial_rails_4_0/specifications/mini_portile-0.5.2.gemspec
I, [2014-01-25T16:11:50.632027 #35866]  INFO -- : 0:  nokogiri (1.6.1) from /usr/local/rvm/gems/ruby-1.9.3-p392@railstutorial_rails_4_0/specifications/nokogiri-1.6.1.gemspec
I, [2014-01-25T16:11:50.632491 #35866]  INFO -- : 0:  xpath (2.0.0) from /usr/local/rvm/gems/ruby-1.9.3-p392@railstutorial_rails_4_0/specifications/xpath-2.0.0.gemspec
I, [2014-01-25T16:11:50.632968 #35866]  INFO -- : 0:  capybara (2.1.0) from /usr/local/rvm/gems/ruby-1.9.3-p392@railstutorial_rails_4_0/specifications/capybara-2.1.0.gemspec
I, [2014-01-25T16:11:50.633442 #35866]  INFO -- : 0:  ffi (1.9.3) from /usr/local/rvm/gems/ruby-1.9.3-p392@railstutorial_rails_4_0/specifications/ffi-1.9.3.gemspec
I, [2014-01-25T16:11:50.634068 #35866]  INFO -- : 0:  childprocess (0.4.0) from /usr/local/rvm/gems/ruby-1.9.3-p392@railstutorial_rails_4_0/specifications/childprocess-0.4.0.gemspec
I, [2014-01-25T16:11:50.634528 #35866]  INFO -- : 0:  coffee-script-source (1.6.3) from /usr/local/rvm/gems/ruby-1.9.3-p392@railstutorial_rails_4_0/specifications/coffee-script-source-1.6.3.gemspec
I, [2014-01-25T16:11:50.635002 #35866]  INFO -- : 0:  execjs (2.0.2) from /usr/local/rvm/gems/ruby-1.9.3-p392@railstutorial_rails_4_0/specifications/execjs-2.0.2.gemspec
I, [2014-01-25T16:11:50.641213 #35866]  INFO -- : 0:  coffee-script (2.2.0) from /usr/local/rvm/gems/ruby-1.9.3-p392@railstutorial_rails_4_0/specifications/coffee-script-2.2.0.gemspec
I, [2014-01-25T16:11:50.642109 #35866]  INFO -- : 0:  thor (0.18.1) from /usr/local/rvm/gems/ruby-1.9.3-p392@railstutorial_rails_4_0/specifications/thor-0.18.1.gemspec
I, [2014-01-25T16:11:50.643045 #35866]  INFO -- : 0:  railties (4.0.2) from /usr/local/rvm/gems/ruby-1.9.3-p392@railstutorial_rails_4_0/specifications/railties-4.0.2.gemspec
I, [2014-01-25T16:11:50.643550 #35866]  INFO -- : 0:  coffee-rails (4.0.1) from /usr/local/rvm/gems/ruby-1.9.3-p392@railstutorial_rails_4_0/specifications/coffee-rails-4.0.1.gemspec
I, [2014-01-25T16:11:50.644128 #35866]  INFO -- : 0:  diff-lcs (1.2.5) from /usr/local/rvm/gems/ruby-1.9.3-p392@railstutorial_rails_4_0/specifications/diff-lcs-1.2.5.gemspec
I, [2014-01-25T16:11:50.644650 #35866]  INFO -- : 0:  hike (1.2.3) from /usr/local/rvm/gems/ruby-1.9.3-p392@railstutorial_rails_4_0/specifications/hike-1.2.3.gemspec
I, [2014-01-25T16:11:50.645126 #35866]  INFO -- : 0:  jbuilder (1.0.2) from /usr/local/rvm/gems/ruby-1.9.3-p392@railstutorial_rails_4_0/specifications/jbuilder-1.0.2.gemspec
I, [2014-01-25T16:11:50.645765 #35866]  INFO -- : 0:  jquery-rails (3.0.4) from /usr/local/rvm/gems/ruby-1.9.3-p392@railstutorial_rails_4_0/specifications/jquery-rails-3.0.4.gemspec
I, [2014-01-25T16:11:50.646285 #35866]  INFO -- : 0:  json (1.8.1) from /usr/local/rvm/gems/ruby-1.9.3-p392@railstutorial_rails_4_0/specifications/json-1.8.1.gemspec
I, [2014-01-25T16:11:50.646857 #35866]  INFO -- : 0:  bundler (1.5.0) from /usr/local/rvm/gems/ruby-1.9.3-p392@railstutorial_rails_4_0/specifications/bundler-1.5.0.gemspec
I, [2014-01-25T16:11:50.647333 #35866]  INFO -- : 0:  tilt (1.4.1) from /usr/local/rvm/gems/ruby-1.9.3-p392@railstutorial_rails_4_0/specifications/tilt-1.4.1.gemspec
I, [2014-01-25T16:11:50.647811 #35866]  INFO -- : 0:  sprockets (2.10.1) from /usr/local/rvm/gems/ruby-1.9.3-p392@railstutorial_rails_4_0/specifications/sprockets-2.10.1.gemspec
I, [2014-01-25T16:11:50.648332 #35866]  INFO -- : 0:  sprockets-rails (2.0.1) from /usr/local/rvm/gems/ruby-1.9.3-p392@railstutorial_rails_4_0/specifications/sprockets-rails-2.0.1.gemspec
I, [2014-01-25T16:11:50.648856 #35866]  INFO -- : 0:  rails (4.0.2) from /usr/local/rvm/gems/ruby-1.9.3-p392@railstutorial_rails_4_0/specifications/rails-4.0.2.gemspec
I, [2014-01-25T16:11:50.649409 #35866]  INFO -- : 0:  rdoc (3.12.2) from /usr/local/rvm/gems/ruby-1.9.3-p392@railstutorial_rails_4_0/specifications/rdoc-3.12.2.gemspec
I, [2014-01-25T16:11:50.649921 #35866]  INFO -- : 0:  rspec-core (2.13.1) from /usr/local/rvm/gems/ruby-1.9.3-p392@railstutorial_rails_4_0/specifications/rspec-core-2.13.1.gemspec
I, [2014-01-25T16:11:50.650404 #35866]  INFO -- : 0:  rspec-expectations (2.13.0) from /usr/local/rvm/gems/ruby-1.9.3-p392@railstutorial_rails_4_0/specifications/rspec-expectations-2.13.0.gemspec
I, [2014-01-25T16:11:50.650877 #35866]  INFO -- : 0:  rspec-mocks (2.13.1) from /usr/local/rvm/gems/ruby-1.9.3-p392@railstutorial_rails_4_0/specifications/rspec-mocks-2.13.1.gemspec
I, [2014-01-25T16:11:50.651491 #35866]  INFO -- : 0:  rspec-rails (2.13.1) from /usr/local/rvm/gems/ruby-1.9.3-p392@railstutorial_rails_4_0/specifications/rspec-rails-2.13.1.gemspec
I, [2014-01-25T16:11:50.652008 #35866]  INFO -- : 0:  rubyzip (0.9.9) from /usr/local/rvm/gems/ruby-1.9.3-p392@railstutorial_rails_4_0/specifications/rubyzip-0.9.9.gemspec
I, [2014-01-25T16:11:50.652518 #35866]  INFO -- : 0:  sass (3.2.13) from /usr/local/rvm/gems/ruby-1.9.3-p392@railstutorial_rails_4_0/specifications/sass-3.2.13.gemspec
I, [2014-01-25T16:11:50.652981 #35866]  INFO -- : 0:  sass-rails (4.0.1) from /usr/local/rvm/gems/ruby-1.9.3-p392@railstutorial_rails_4_0/specifications/sass-rails-4.0.1.gemspec
I, [2014-01-25T16:11:50.653439 #35866]  INFO -- : 0:  sdoc (0.3.20) from /usr/local/rvm/gems/ruby-1.9.3-p392@railstutorial_rails_4_0/specifications/sdoc-0.3.20.gemspec
I, [2014-01-25T16:11:50.654517 #35866]  INFO -- : 0:  websocket (1.0.7) from /usr/local/rvm/gems/ruby-1.9.3-p392@railstutorial_rails_4_0/specifications/websocket-1.0.7.gemspec
I, [2014-01-25T16:11:50.655148 #35866]  INFO -- : 0:  selenium-webdriver (2.35.1) from /usr/local/rvm/gems/ruby-1.9.3-p392@railstutorial_rails_4_0/specifications/selenium-webdriver-2.35.1.gemspec
I, [2014-01-25T16:11:50.655944 #35866]  INFO -- : 0:  sqlite3 (1.3.8) from /usr/local/rvm/gems/ruby-1.9.3-p392@railstutorial_rails_4_0/specifications/sqlite3-1.3.8.gemspec
I, [2014-01-25T16:11:50.656453 #35866]  INFO -- : 0:  turbolinks (1.1.1) from /usr/local/rvm/gems/ruby-1.9.3-p392@railstutorial_rails_4_0/specifications/turbolinks-1.1.1.gemspec
I, [2014-01-25T16:11:50.657032 #35866]  INFO -- : 0:  uglifier (2.1.1) from /usr/local/rvm/gems/ruby-1.9.3-p392@railstutorial_rails_4_0/specifications/uglifier-2.1.1.gemspec
I, [2014-01-25T16:20:19.403573 #36173]  INFO -- : 0:  rake (10.1.1) from /usr/local/rvm/gems/ruby-1.9.3-p392@railstutorial_rails_4_0/specifications/rake-10.1.1.gemspec
I, [2014-01-25T16:20:19.404689 #36173]  INFO -- : 0:  i18n (0.6.9) from /usr/local/rvm/gems/ruby-1.9.3-p392@railstutorial_rails_4_0/specifications/i18n-0.6.9.gemspec
I, [2014-01-25T16:20:19.405329 #36173]  INFO -- : 0:  minitest (4.7.5) from /usr/local/rvm/gems/ruby-1.9.3-p392@railstutorial_rails_4_0/specifications/minitest-4.7.5.gemspec
I, [2014-01-25T16:20:19.405917 #36173]  INFO -- : 0:  multi_json (1.8.4) from /usr/local/rvm/gems/ruby-1.9.3-p392@railstutorial_rails_4_0/specifications/multi_json-1.8.4.gemspec
I, [2014-01-25T16:20:19.406450 #36173]  INFO -- : 0:  atomic (1.1.14) from /usr/local/rvm/gems/ruby-1.9.3-p392@railstutorial_rails_4_0/specifications/atomic-1.1.14.gemspec
I, [2014-01-25T16:20:19.407000 #36173]  INFO -- : 0:  thread_safe (0.1.3) from /usr/local/rvm/gems/ruby-1.9.3-p392@railstutorial_rails_4_0/specifications/thread_safe-0.1.3.gemspec
I, [2014-01-25T16:20:19.407547 #36173]  INFO -- : 0:  tzinfo (0.3.38) from /usr/local/rvm/gems/ruby-1.9.3-p392@railstutorial_rails_4_0/specifications/tzinfo-0.3.38.gemspec
I, [2014-01-25T16:20:19.408084 #36173]  INFO -- : 0:  activesupport (4.0.2) from /usr/local/rvm/gems/ruby-1.9.3-p392@railstutorial_rails_4_0/specifications/activesupport-4.0.2.gemspec
I, [2014-01-25T16:20:19.408799 #36173]  INFO -- : 0:  builder (3.1.4) from /usr/local/rvm/gems/ruby-1.9.3-p392@railstutorial_rails_4_0/specifications/builder-3.1.4.gemspec
I, [2014-01-25T16:20:19.409310 #36173]  INFO -- : 0:  erubis (2.7.0) from /usr/local/rvm/gems/ruby-1.9.3-p392@railstutorial_rails_4_0/specifications/erubis-2.7.0.gemspec
I, [2014-01-25T16:20:19.409833 #36173]  INFO -- : 0:  rack (1.5.2) from /usr/local/rvm/gems/ruby-1.9.3-p392@railstutorial_rails_4_0/specifications/rack-1.5.2.gemspec
I, [2014-01-25T16:20:19.410342 #36173]  INFO -- : 0:  rack-test (0.6.2) from /usr/local/rvm/gems/ruby-1.9.3-p392@railstutorial_rails_4_0/specifications/rack-test-0.6.2.gemspec
I, [2014-01-25T16:20:19.410857 #36173]  INFO -- : 0:  actionpack (4.0.2) from /usr/local/rvm/gems/ruby-1.9.3-p392@railstutorial_rails_4_0/specifications/actionpack-4.0.2.gemspec
I, [2014-01-25T16:20:19.411449 #36173]  INFO -- : 0:  mime-types (1.25.1) from /usr/local/rvm/gems/ruby-1.9.3-p392@railstutorial_rails_4_0/specifications/mime-types-1.25.1.gemspec
I, [2014-01-25T16:20:19.411981 #36173]  INFO -- : 0:  polyglot (0.3.3) from /usr/local/rvm/gems/ruby-1.9.3-p392@railstutorial_rails_4_0/specifications/polyglot-0.3.3.gemspec
I, [2014-01-25T16:20:19.412486 #36173]  INFO -- : 0:  treetop (1.4.15) from /usr/local/rvm/gems/ruby-1.9.3-p392@railstutorial_rails_4_0/specifications/treetop-1.4.15.gemspec
I, [2014-01-25T16:20:19.412998 #36173]  INFO -- : 0:  mail (2.5.4) from /usr/local/rvm/gems/ruby-1.9.3-p392@railstutorial_rails_4_0/specifications/mail-2.5.4.gemspec
I, [2014-01-25T16:20:19.413503 #36173]  INFO -- : 0:  actionmailer (4.0.2) from /usr/local/rvm/gems/ruby-1.9.3-p392@railstutorial_rails_4_0/specifications/actionmailer-4.0.2.gemspec
I, [2014-01-25T16:20:19.414556 #36173]  INFO -- : 0:  activemodel (4.0.2) from /usr/local/rvm/gems/ruby-1.9.3-p392@railstutorial_rails_4_0/specifications/activemodel-4.0.2.gemspec
I, [2014-01-25T16:20:19.415090 #36173]  INFO -- : 0:  activerecord-deprecated_finders (1.0.3) from /usr/local/rvm/gems/ruby-1.9.3-p392@railstutorial_rails_4_0/specifications/activerecord-deprecated_finders-1.0.3.gemspec
I, [2014-01-25T16:20:19.415585 #36173]  INFO -- : 0:  arel (4.0.1) from /usr/local/rvm/gems/ruby-1.9.3-p392@railstutorial_rails_4_0/specifications/arel-4.0.1.gemspec
I, [2014-01-25T16:20:19.416093 #36173]  INFO -- : 0:  activerecord (4.0.2) from /usr/local/rvm/gems/ruby-1.9.3-p392@railstutorial_rails_4_0/specifications/activerecord-4.0.2.gemspec
I, [2014-01-25T16:20:19.416609 #36173]  INFO -- : 0:  bundler (1.5.0) from /usr/local/rvm/gems/ruby-1.9.3-p392@railstutorial_rails_4_0/specifications/bundler-1.5.0.gemspec
I, [2014-01-25T16:20:19.417203 #36173]  INFO -- : 0:  mini_portile (0.5.2) from /usr/local/rvm/gems/ruby-1.9.3-p392@railstutorial_rails_4_0/specifications/mini_portile-0.5.2.gemspec
I, [2014-01-25T16:20:19.417768 #36173]  INFO -- : 0:  nokogiri (1.6.1) from /usr/local/rvm/gems/ruby-1.9.3-p392@railstutorial_rails_4_0/specifications/nokogiri-1.6.1.gemspec
I, [2014-01-25T16:20:19.418250 #36173]  INFO -- : 0:  xpath (2.0.0) from /usr/local/rvm/gems/ruby-1.9.3-p392@railstutorial_rails_4_0/specifications/xpath-2.0.0.gemspec
I, [2014-01-25T16:20:19.418765 #36173]  INFO -- : 0:  capybara (2.1.0) from /usr/local/rvm/gems/ruby-1.9.3-p392@railstutorial_rails_4_0/specifications/capybara-2.1.0.gemspec
I, [2014-01-25T16:20:19.419269 #36173]  INFO -- : 0:  ffi (1.9.3) from /usr/local/rvm/gems/ruby-1.9.3-p392@railstutorial_rails_4_0/specifications/ffi-1.9.3.gemspec
I, [2014-01-25T16:20:19.419845 #36173]  INFO -- : 0:  childprocess (0.4.0) from /usr/local/rvm/gems/ruby-1.9.3-p392@railstutorial_rails_4_0/specifications/childprocess-0.4.0.gemspec
I, [2014-01-25T16:20:19.420372 #36173]  INFO -- : 0:  coffee-script-source (1.6.3) from /usr/local/rvm/gems/ruby-1.9.3-p392@railstutorial_rails_4_0/specifications/coffee-script-source-1.6.3.gemspec
I, [2014-01-25T16:20:19.420860 #36173]  INFO -- : 0:  execjs (2.0.2) from /usr/local/rvm/gems/ruby-1.9.3-p392@railstutorial_rails_4_0/specifications/execjs-2.0.2.gemspec
I, [2014-01-25T16:20:19.421382 #36173]  INFO -- : 0:  coffee-script (2.2.0) from /usr/local/rvm/gems/ruby-1.9.3-p392@railstutorial_rails_4_0/specifications/coffee-script-2.2.0.gemspec
I, [2014-01-25T16:20:19.421903 #36173]  INFO -- : 0:  thor (0.18.1) from /usr/local/rvm/gems/ruby-1.9.3-p392@railstutorial_rails_4_0/specifications/thor-0.18.1.gemspec
I, [2014-01-25T16:20:19.422436 #36173]  INFO -- : 0:  railties (4.0.2) from /usr/local/rvm/gems/ruby-1.9.3-p392@railstutorial_rails_4_0/specifications/railties-4.0.2.gemspec
I, [2014-01-25T16:20:19.423040 #36173]  INFO -- : 0:  coffee-rails (4.0.1) from /usr/local/rvm/gems/ruby-1.9.3-p392@railstutorial_rails_4_0/specifications/coffee-rails-4.0.1.gemspec
I, [2014-01-25T16:20:19.423586 #36173]  INFO -- : 0:  diff-lcs (1.2.5) from /usr/local/rvm/gems/ruby-1.9.3-p392@railstutorial_rails_4_0/specifications/diff-lcs-1.2.5.gemspec
I, [2014-01-25T16:20:19.424084 #36173]  INFO -- : 0:  hike (1.2.3) from /usr/local/rvm/gems/ruby-1.9.3-p392@railstutorial_rails_4_0/specifications/hike-1.2.3.gemspec
I, [2014-01-25T16:20:19.424656 #36173]  INFO -- : 0:  jbuilder (1.0.2) from /usr/local/rvm/gems/ruby-1.9.3-p392@railstutorial_rails_4_0/specifications/jbuilder-1.0.2.gemspec
I, [2014-01-25T16:20:19.425166 #36173]  INFO -- : 0:  jquery-rails (3.0.4) from /usr/local/rvm/gems/ruby-1.9.3-p392@railstutorial_rails_4_0/specifications/jquery-rails-3.0.4.gemspec
I, [2014-01-25T16:20:19.425713 #36173]  INFO -- : 0:  json (1.8.1) from /usr/local/rvm/gems/ruby-1.9.3-p392@railstutorial_rails_4_0/specifications/json-1.8.1.gemspec
I, [2014-01-25T16:20:19.426263 #36173]  INFO -- : 0:  tilt (1.4.1) from /usr/local/rvm/gems/ruby-1.9.3-p392@railstutorial_rails_4_0/specifications/tilt-1.4.1.gemspec
I, [2014-01-25T16:20:19.426777 #36173]  INFO -- : 0:  sprockets (2.10.1) from /usr/local/rvm/gems/ruby-1.9.3-p392@railstutorial_rails_4_0/specifications/sprockets-2.10.1.gemspec
I, [2014-01-25T16:20:19.427247 #36173]  INFO -- : 0:  sprockets-rails (2.0.1) from /usr/local/rvm/gems/ruby-1.9.3-p392@railstutorial_rails_4_0/specifications/sprockets-rails-2.0.1.gemspec
I, [2014-01-25T16:20:19.427777 #36173]  INFO -- : 0:  rails (4.0.2) from /usr/local/rvm/gems/ruby-1.9.3-p392@railstutorial_rails_4_0/specifications/rails-4.0.2.gemspec
I, [2014-01-25T16:20:19.428310 #36173]  INFO -- : 0:  rdoc (3.12.2) from /usr/local/rvm/gems/ruby-1.9.3-p392@railstutorial_rails_4_0/specifications/rdoc-3.12.2.gemspec
I, [2014-01-25T16:20:19.428902 #36173]  INFO -- : 0:  rspec-core (2.13.1) from /usr/local/rvm/gems/ruby-1.9.3-p392@railstutorial_rails_4_0/specifications/rspec-core-2.13.1.gemspec
I, [2014-01-25T16:20:19.429433 #36173]  INFO -- : 0:  rspec-expectations (2.13.0) from /usr/local/rvm/gems/ruby-1.9.3-p392@railstutorial_rails_4_0/specifications/rspec-expectations-2.13.0.gemspec
I, [2014-01-25T16:20:19.430086 #36173]  INFO -- : 0:  rspec-mocks (2.13.1) from /usr/local/rvm/gems/ruby-1.9.3-p392@railstutorial_rails_4_0/specifications/rspec-mocks-2.13.1.gemspec
I, [2014-01-25T16:20:19.430666 #36173]  INFO -- : 0:  rspec-rails (2.13.1) from /usr/local/rvm/gems/ruby-1.9.3-p392@railstutorial_rails_4_0/specifications/rspec-rails-2.13.1.gemspec
I, [2014-01-25T16:20:19.431217 #36173]  INFO -- : 0:  rubyzip (0.9.9) from /usr/local/rvm/gems/ruby-1.9.3-p392@railstutorial_rails_4_0/specifications/rubyzip-0.9.9.gemspec
I, [2014-01-25T16:20:19.431804 #36173]  INFO -- : 0:  sass (3.2.13) from /usr/local/rvm/gems/ruby-1.9.3-p392@railstutorial_rails_4_0/specifications/sass-3.2.13.gemspec
I, [2014-01-25T16:20:19.432313 #36173]  INFO -- : 0:  sass-rails (4.0.1) from /usr/local/rvm/gems/ruby-1.9.3-p392@railstutorial_rails_4_0/specifications/sass-rails-4.0.1.gemspec
I, [2014-01-25T16:20:19.432811 #36173]  INFO -- : 0:  sdoc (0.3.20) from /usr/local/rvm/gems/ruby-1.9.3-p392@railstutorial_rails_4_0/specifications/sdoc-0.3.20.gemspec
I, [2014-01-25T16:20:19.433318 #36173]  INFO -- : 0:  websocket (1.0.7) from /usr/local/rvm/gems/ruby-1.9.3-p392@railstutorial_rails_4_0/specifications/websocket-1.0.7.gemspec
I, [2014-01-25T16:20:19.433846 #36173]  INFO -- : 0:  selenium-webdriver (2.35.1) from /usr/local/rvm/gems/ruby-1.9.3-p392@railstutorial_rails_4_0/specifications/selenium-webdriver-2.35.1.gemspec
I, [2014-01-25T16:20:19.434394 #36173]  INFO -- : 0:  sqlite3 (1.3.8) from /usr/local/rvm/gems/ruby-1.9.3-p392@railstutorial_rails_4_0/specifications/sqlite3-1.3.8.gemspec
I, [2014-01-25T16:20:19.434954 #36173]  INFO -- : 0:  turbolinks (1.1.1) from /usr/local/rvm/gems/ruby-1.9.3-p392@railstutorial_rails_4_0/specifications/turbolinks-1.1.1.gemspec
I, [2014-01-25T16:20:19.435474 #36173]  INFO -- : 0:  uglifier (2.1.1) from /usr/local/rvm/gems/ruby-1.9.3-p392@railstutorial_rails_4_0/specifications/uglifier-2.1.1.gemspec
I, [2014-01-25T16:20:23.529139 #36176]  INFO -- : 0:  rake (10.1.1) from /usr/local/rvm/gems/ruby-1.9.3-p392@railstutorial_rails_4_0/specifications/rake-10.1.1.gemspec
I, [2014-01-25T16:20:23.530080 #36176]  INFO -- : 0:  i18n (0.6.9) from /usr/local/rvm/gems/ruby-1.9.3-p392@railstutorial_rails_4_0/specifications/i18n-0.6.9.gemspec
I, [2014-01-25T16:20:23.530849 #36176]  INFO -- : 0:  minitest (4.7.5) from /usr/local/rvm/gems/ruby-1.9.3-p392@railstutorial_rails_4_0/specifications/minitest-4.7.5.gemspec
I, [2014-01-25T16:20:23.531414 #36176]  INFO -- : 0:  multi_json (1.8.4) from /usr/local/rvm/gems/ruby-1.9.3-p392@railstutorial_rails_4_0/specifications/multi_json-1.8.4.gemspec
I, [2014-01-25T16:20:23.531916 #36176]  INFO -- : 0:  atomic (1.1.14) from /usr/local/rvm/gems/ruby-1.9.3-p392@railstutorial_rails_4_0/specifications/atomic-1.1.14.gemspec
I, [2014-01-25T16:20:23.532406 #36176]  INFO -- : 0:  thread_safe (0.1.3) from /usr/local/rvm/gems/ruby-1.9.3-p392@railstutorial_rails_4_0/specifications/thread_safe-0.1.3.gemspec
I, [2014-01-25T16:20:23.533040 #36176]  INFO -- : 0:  tzinfo (0.3.38) from /usr/local/rvm/gems/ruby-1.9.3-p392@railstutorial_rails_4_0/specifications/tzinfo-0.3.38.gemspec
I, [2014-01-25T16:20:23.533553 #36176]  INFO -- : 0:  activesupport (4.0.2) from /usr/local/rvm/gems/ruby-1.9.3-p392@railstutorial_rails_4_0/specifications/activesupport-4.0.2.gemspec
I, [2014-01-25T16:20:23.534030 #36176]  INFO -- : 0:  builder (3.1.4) from /usr/local/rvm/gems/ruby-1.9.3-p392@railstutorial_rails_4_0/specifications/builder-3.1.4.gemspec
I, [2014-01-25T16:20:23.534503 #36176]  INFO -- : 0:  erubis (2.7.0) from /usr/local/rvm/gems/ruby-1.9.3-p392@railstutorial_rails_4_0/specifications/erubis-2.7.0.gemspec
I, [2014-01-25T16:20:23.534963 #36176]  INFO -- : 0:  rack (1.5.2) from /usr/local/rvm/gems/ruby-1.9.3-p392@railstutorial_rails_4_0/specifications/rack-1.5.2.gemspec
I, [2014-01-25T16:20:23.535495 #36176]  INFO -- : 0:  rack-test (0.6.2) from /usr/local/rvm/gems/ruby-1.9.3-p392@railstutorial_rails_4_0/specifications/rack-test-0.6.2.gemspec
I, [2014-01-25T16:20:23.597577 #36176]  INFO -- : 0:  actionpack (4.0.2) from /usr/local/rvm/gems/ruby-1.9.3-p392@railstutorial_rails_4_0/specifications/actionpack-4.0.2.gemspec
I, [2014-01-25T16:20:23.598093 #36176]  INFO -- : 0:  mime-types (1.25.1) from /usr/local/rvm/gems/ruby-1.9.3-p392@railstutorial_rails_4_0/specifications/mime-types-1.25.1.gemspec
I, [2014-01-25T16:20:23.598573 #36176]  INFO -- : 0:  polyglot (0.3.3) from /usr/local/rvm/gems/ruby-1.9.3-p392@railstutorial_rails_4_0/specifications/polyglot-0.3.3.gemspec
I, [2014-01-25T16:20:23.599048 #36176]  INFO -- : 0:  treetop (1.4.15) from /usr/local/rvm/gems/ruby-1.9.3-p392@railstutorial_rails_4_0/specifications/treetop-1.4.15.gemspec
I, [2014-01-25T16:20:23.599613 #36176]  INFO -- : 0:  mail (2.5.4) from /usr/local/rvm/gems/ruby-1.9.3-p392@railstutorial_rails_4_0/specifications/mail-2.5.4.gemspec
I, [2014-01-25T16:20:23.600092 #36176]  INFO -- : 0:  actionmailer (4.0.2) from /usr/local/rvm/gems/ruby-1.9.3-p392@railstutorial_rails_4_0/specifications/actionmailer-4.0.2.gemspec
I, [2014-01-25T16:20:23.600559 #36176]  INFO -- : 0:  activemodel (4.0.2) from /usr/local/rvm/gems/ruby-1.9.3-p392@railstutorial_rails_4_0/specifications/activemodel-4.0.2.gemspec
I, [2014-01-25T16:20:23.601027 #36176]  INFO -- : 0:  activerecord-deprecated_finders (1.0.3) from /usr/local/rvm/gems/ruby-1.9.3-p392@railstutorial_rails_4_0/specifications/activerecord-deprecated_finders-1.0.3.gemspec
I, [2014-01-25T16:20:23.601496 #36176]  INFO -- : 0:  arel (4.0.1) from /usr/local/rvm/gems/ruby-1.9.3-p392@railstutorial_rails_4_0/specifications/arel-4.0.1.gemspec
I, [2014-01-25T16:20:23.601959 #36176]  INFO -- : 0:  activerecord (4.0.2) from /usr/local/rvm/gems/ruby-1.9.3-p392@railstutorial_rails_4_0/specifications/activerecord-4.0.2.gemspec
I, [2014-01-25T16:20:23.602469 #36176]  INFO -- : 0:  mini_portile (0.5.2) from /usr/local/rvm/gems/ruby-1.9.3-p392@railstutorial_rails_4_0/specifications/mini_portile-0.5.2.gemspec
I, [2014-01-25T16:20:23.602934 #36176]  INFO -- : 0:  nokogiri (1.6.1) from /usr/local/rvm/gems/ruby-1.9.3-p392@railstutorial_rails_4_0/specifications/nokogiri-1.6.1.gemspec
I, [2014-01-25T16:20:23.603378 #36176]  INFO -- : 0:  xpath (2.0.0) from /usr/local/rvm/gems/ruby-1.9.3-p392@railstutorial_rails_4_0/specifications/xpath-2.0.0.gemspec
I, [2014-01-25T16:20:23.603827 #36176]  INFO -- : 0:  capybara (2.1.0) from /usr/local/rvm/gems/ruby-1.9.3-p392@railstutorial_rails_4_0/specifications/capybara-2.1.0.gemspec
I, [2014-01-25T16:20:23.604272 #36176]  INFO -- : 0:  ffi (1.9.3) from /usr/local/rvm/gems/ruby-1.9.3-p392@railstutorial_rails_4_0/specifications/ffi-1.9.3.gemspec
I, [2014-01-25T16:20:23.604730 #36176]  INFO -- : 0:  childprocess (0.4.0) from /usr/local/rvm/gems/ruby-1.9.3-p392@railstutorial_rails_4_0/specifications/childprocess-0.4.0.gemspec
I, [2014-01-25T16:20:23.605221 #36176]  INFO -- : 0:  coffee-script-source (1.6.3) from /usr/local/rvm/gems/ruby-1.9.3-p392@railstutorial_rails_4_0/specifications/coffee-script-source-1.6.3.gemspec
I, [2014-01-25T16:20:23.605663 #36176]  INFO -- : 0:  execjs (2.0.2) from /usr/local/rvm/gems/ruby-1.9.3-p392@railstutorial_rails_4_0/specifications/execjs-2.0.2.gemspec
I, [2014-01-25T16:20:23.606105 #36176]  INFO -- : 0:  coffee-script (2.2.0) from /usr/local/rvm/gems/ruby-1.9.3-p392@railstutorial_rails_4_0/specifications/coffee-script-2.2.0.gemspec
I, [2014-01-25T16:20:23.606540 #36176]  INFO -- : 0:  thor (0.18.1) from /usr/local/rvm/gems/ruby-1.9.3-p392@railstutorial_rails_4_0/specifications/thor-0.18.1.gemspec
I, [2014-01-25T16:20:23.606992 #36176]  INFO -- : 0:  railties (4.0.2) from /usr/local/rvm/gems/ruby-1.9.3-p392@railstutorial_rails_4_0/specifications/railties-4.0.2.gemspec
I, [2014-01-25T16:20:23.607435 #36176]  INFO -- : 0:  coffee-rails (4.0.1) from /usr/local/rvm/gems/ruby-1.9.3-p392@railstutorial_rails_4_0/specifications/coffee-rails-4.0.1.gemspec
I, [2014-01-25T16:20:23.607912 #36176]  INFO -- : 0:  diff-lcs (1.2.5) from /usr/local/rvm/gems/ruby-1.9.3-p392@railstutorial_rails_4_0/specifications/diff-lcs-1.2.5.gemspec
I, [2014-01-25T16:20:23.977033 #36176]  INFO -- : 0:  hike (1.2.3) from /usr/local/rvm/gems/ruby-1.9.3-p392@railstutorial_rails_4_0/specifications/hike-1.2.3.gemspec
I, [2014-01-25T16:20:23.977589 #36176]  INFO -- : 0:  jbuilder (1.0.2) from /usr/local/rvm/gems/ruby-1.9.3-p392@railstutorial_rails_4_0/specifications/jbuilder-1.0.2.gemspec
I, [2014-01-25T16:20:23.978091 #36176]  INFO -- : 0:  jquery-rails (3.0.4) from /usr/local/rvm/gems/ruby-1.9.3-p392@railstutorial_rails_4_0/specifications/jquery-rails-3.0.4.gemspec
I, [2014-01-25T16:20:23.978603 #36176]  INFO -- : 0:  json (1.8.1) from /usr/local/rvm/gems/ruby-1.9.3-p392@railstutorial_rails_4_0/specifications/json-1.8.1.gemspec
I, [2014-01-25T16:20:23.979076 #36176]  INFO -- : 0:  bundler (1.5.0) from /usr/local/rvm/gems/ruby-1.9.3-p392@railstutorial_rails_4_0/specifications/bundler-1.5.0.gemspec
I, [2014-01-25T16:20:23.979603 #36176]  INFO -- : 0:  tilt (1.4.1) from /usr/local/rvm/gems/ruby-1.9.3-p392@railstutorial_rails_4_0/specifications/tilt-1.4.1.gemspec
I, [2014-01-25T16:20:23.980088 #36176]  INFO -- : 0:  sprockets (2.10.1) from /usr/local/rvm/gems/ruby-1.9.3-p392@railstutorial_rails_4_0/specifications/sprockets-2.10.1.gemspec
I, [2014-01-25T16:20:23.980600 #36176]  INFO -- : 0:  sprockets-rails (2.0.1) from /usr/local/rvm/gems/ruby-1.9.3-p392@railstutorial_rails_4_0/specifications/sprockets-rails-2.0.1.gemspec
I, [2014-01-25T16:20:23.981112 #36176]  INFO -- : 0:  rails (4.0.2) from /usr/local/rvm/gems/ruby-1.9.3-p392@railstutorial_rails_4_0/specifications/rails-4.0.2.gemspec
I, [2014-01-25T16:20:23.981588 #36176]  INFO -- : 0:  rdoc (3.12.2) from /usr/local/rvm/gems/ruby-1.9.3-p392@railstutorial_rails_4_0/specifications/rdoc-3.12.2.gemspec
I, [2014-01-25T16:20:23.982065 #36176]  INFO -- : 0:  rspec-core (2.13.1) from /usr/local/rvm/gems/ruby-1.9.3-p392@railstutorial_rails_4_0/specifications/rspec-core-2.13.1.gemspec
I, [2014-01-25T16:20:23.982580 #36176]  INFO -- : 0:  rspec-expectations (2.13.0) from /usr/local/rvm/gems/ruby-1.9.3-p392@railstutorial_rails_4_0/specifications/rspec-expectations-2.13.0.gemspec
I, [2014-01-25T16:20:23.983173 #36176]  INFO -- : 0:  rspec-mocks (2.13.1) from /usr/local/rvm/gems/ruby-1.9.3-p392@railstutorial_rails_4_0/specifications/rspec-mocks-2.13.1.gemspec
I, [2014-01-25T16:20:23.983678 #36176]  INFO -- : 0:  rspec-rails (2.13.1) from /usr/local/rvm/gems/ruby-1.9.3-p392@railstutorial_rails_4_0/specifications/rspec-rails-2.13.1.gemspec
I, [2014-01-25T16:20:23.984211 #36176]  INFO -- : 0:  rubyzip (0.9.9) from /usr/local/rvm/gems/ruby-1.9.3-p392@railstutorial_rails_4_0/specifications/rubyzip-0.9.9.gemspec
I, [2014-01-25T16:20:23.984696 #36176]  INFO -- : 0:  sass (3.2.13) from /usr/local/rvm/gems/ruby-1.9.3-p392@railstutorial_rails_4_0/specifications/sass-3.2.13.gemspec
I, [2014-01-25T16:20:23.985197 #36176]  INFO -- : 0:  sass-rails (4.0.1) from /usr/local/rvm/gems/ruby-1.9.3-p392@railstutorial_rails_4_0/specifications/sass-rails-4.0.1.gemspec
I, [2014-01-25T16:20:23.986065 #36176]  INFO -- : 0:  sdoc (0.3.20) from /usr/local/rvm/gems/ruby-1.9.3-p392@railstutorial_rails_4_0/specifications/sdoc-0.3.20.gemspec
I, [2014-01-25T16:20:23.986565 #36176]  INFO -- : 0:  websocket (1.0.7) from /usr/local/rvm/gems/ruby-1.9.3-p392@railstutorial_rails_4_0/specifications/websocket-1.0.7.gemspec
I, [2014-01-25T16:20:23.987069 #36176]  INFO -- : 0:  selenium-webdriver (2.35.1) from /usr/local/rvm/gems/ruby-1.9.3-p392@railstutorial_rails_4_0/specifications/selenium-webdriver-2.35.1.gemspec
I, [2014-01-25T16:20:23.987557 #36176]  INFO -- : 0:  sqlite3 (1.3.8) from /usr/local/rvm/gems/ruby-1.9.3-p392@railstutorial_rails_4_0/specifications/sqlite3-1.3.8.gemspec
I, [2014-01-25T16:20:23.988541 #36176]  INFO -- : 0:  turbolinks (1.1.1) from /usr/local/rvm/gems/ruby-1.9.3-p392@railstutorial_rails_4_0/specifications/turbolinks-1.1.1.gemspec
I, [2014-01-25T16:20:23.989482 #36176]  INFO -- : 0:  uglifier (2.1.1) from /usr/local/rvm/gems/ruby-1.9.3-p392@railstutorial_rails_4_0/specifications/uglifier-2.1.1.gemspec
I, [2014-01-25T16:25:25.648047 #36278]  INFO -- : 0:  rake (10.1.1) from /usr/local/rvm/gems/ruby-1.9.3-p392@railstutorial_rails_4_0/specifications/rake-10.1.1.gemspec
I, [2014-01-25T16:25:25.648926 #36278]  INFO -- : 0:  i18n (0.6.9) from /usr/local/rvm/gems/ruby-1.9.3-p392@railstutorial_rails_4_0/specifications/i18n-0.6.9.gemspec
I, [2014-01-25T16:25:25.649533 #36278]  INFO -- : 0:  minitest (4.7.5) from /usr/local/rvm/gems/ruby-1.9.3-p392@railstutorial_rails_4_0/specifications/minitest-4.7.5.gemspec
I, [2014-01-25T16:25:25.650079 #36278]  INFO -- : 0:  multi_json (1.8.4) from /usr/local/rvm/gems/ruby-1.9.3-p392@railstutorial_rails_4_0/specifications/multi_json-1.8.4.gemspec
I, [2014-01-25T16:25:25.650590 #36278]  INFO -- : 0:  atomic (1.1.14) from /usr/local/rvm/gems/ruby-1.9.3-p392@railstutorial_rails_4_0/specifications/atomic-1.1.14.gemspec
I, [2014-01-25T16:25:25.651153 #36278]  INFO -- : 0:  thread_safe (0.1.3) from /usr/local/rvm/gems/ruby-1.9.3-p392@railstutorial_rails_4_0/specifications/thread_safe-0.1.3.gemspec
I, [2014-01-25T16:25:25.651761 #36278]  INFO -- : 0:  tzinfo (0.3.38) from /usr/local/rvm/gems/ruby-1.9.3-p392@railstutorial_rails_4_0/specifications/tzinfo-0.3.38.gemspec
I, [2014-01-25T16:25:25.652267 #36278]  INFO -- : 0:  activesupport (4.0.2) from /usr/local/rvm/gems/ruby-1.9.3-p392@railstutorial_rails_4_0/specifications/activesupport-4.0.2.gemspec
I, [2014-01-25T16:25:25.652838 #36278]  INFO -- : 0:  builder (3.1.4) from /usr/local/rvm/gems/ruby-1.9.3-p392@railstutorial_rails_4_0/specifications/builder-3.1.4.gemspec
I, [2014-01-25T16:25:25.653352 #36278]  INFO -- : 0:  erubis (2.7.0) from /usr/local/rvm/gems/ruby-1.9.3-p392@railstutorial_rails_4_0/specifications/erubis-2.7.0.gemspec
I, [2014-01-25T16:25:25.653880 #36278]  INFO -- : 0:  rack (1.5.2) from /usr/local/rvm/gems/ruby-1.9.3-p392@railstutorial_rails_4_0/specifications/rack-1.5.2.gemspec
I, [2014-01-25T16:25:25.654528 #36278]  INFO -- : 0:  rack-test (0.6.2) from /usr/local/rvm/gems/ruby-1.9.3-p392@railstutorial_rails_4_0/specifications/rack-test-0.6.2.gemspec
I, [2014-01-25T16:25:25.655007 #36278]  INFO -- : 0:  actionpack (4.0.2) from /usr/local/rvm/gems/ruby-1.9.3-p392@railstutorial_rails_4_0/specifications/actionpack-4.0.2.gemspec
I, [2014-01-25T16:25:25.655491 #36278]  INFO -- : 0:  mime-types (1.25.1) from /usr/local/rvm/gems/ruby-1.9.3-p392@railstutorial_rails_4_0/specifications/mime-types-1.25.1.gemspec
I, [2014-01-25T16:25:25.655978 #36278]  INFO -- : 0:  polyglot (0.3.3) from /usr/local/rvm/gems/ruby-1.9.3-p392@railstutorial_rails_4_0/specifications/polyglot-0.3.3.gemspec
I, [2014-01-25T16:25:25.656454 #36278]  INFO -- : 0:  treetop (1.4.15) from /usr/local/rvm/gems/ruby-1.9.3-p392@railstutorial_rails_4_0/specifications/treetop-1.4.15.gemspec
I, [2014-01-25T16:25:25.657015 #36278]  INFO -- : 0:  mail (2.5.4) from /usr/local/rvm/gems/ruby-1.9.3-p392@railstutorial_rails_4_0/specifications/mail-2.5.4.gemspec
I, [2014-01-25T16:25:25.657593 #36278]  INFO -- : 0:  actionmailer (4.0.2) from /usr/local/rvm/gems/ruby-1.9.3-p392@railstutorial_rails_4_0/specifications/actionmailer-4.0.2.gemspec
I, [2014-01-25T16:25:25.658141 #36278]  INFO -- : 0:  activemodel (4.0.2) from /usr/local/rvm/gems/ruby-1.9.3-p392@railstutorial_rails_4_0/specifications/activemodel-4.0.2.gemspec
I, [2014-01-25T16:25:25.658673 #36278]  INFO -- : 0:  activerecord-deprecated_finders (1.0.3) from /usr/local/rvm/gems/ruby-1.9.3-p392@railstutorial_rails_4_0/specifications/activerecord-deprecated_finders-1.0.3.gemspec
I, [2014-01-25T16:25:25.659228 #36278]  INFO -- : 0:  arel (4.0.1) from /usr/local/rvm/gems/ruby-1.9.3-p392@railstutorial_rails_4_0/specifications/arel-4.0.1.gemspec
I, [2014-01-25T16:25:25.659747 #36278]  INFO -- : 0:  activerecord (4.0.2) from /usr/local/rvm/gems/ruby-1.9.3-p392@railstutorial_rails_4_0/specifications/activerecord-4.0.2.gemspec
I, [2014-01-25T16:25:25.660328 #36278]  INFO -- : 0:  bundler (1.5.0) from /usr/local/rvm/gems/ruby-1.9.3-p392@railstutorial_rails_4_0/specifications/bundler-1.5.0.gemspec
I, [2014-01-25T16:25:25.660835 #36278]  INFO -- : 0:  mini_portile (0.5.2) from /usr/local/rvm/gems/ruby-1.9.3-p392@railstutorial_rails_4_0/specifications/mini_portile-0.5.2.gemspec
I, [2014-01-25T16:25:25.661443 #36278]  INFO -- : 0:  nokogiri (1.6.1) from /usr/local/rvm/gems/ruby-1.9.3-p392@railstutorial_rails_4_0/specifications/nokogiri-1.6.1.gemspec
I, [2014-01-25T16:25:25.662065 #36278]  INFO -- : 0:  xpath (2.0.0) from /usr/local/rvm/gems/ruby-1.9.3-p392@railstutorial_rails_4_0/specifications/xpath-2.0.0.gemspec
I, [2014-01-25T16:25:25.663405 #36278]  INFO -- : 0:  capybara (2.1.0) from /usr/local/rvm/gems/ruby-1.9.3-p392@railstutorial_rails_4_0/specifications/capybara-2.1.0.gemspec
I, [2014-01-25T16:25:25.664163 #36278]  INFO -- : 0:  ffi (1.9.3) from /usr/local/rvm/gems/ruby-1.9.3-p392@railstutorial_rails_4_0/specifications/ffi-1.9.3.gemspec
I, [2014-01-25T16:25:25.664720 #36278]  INFO -- : 0:  childprocess (0.4.0) from /usr/local/rvm/gems/ruby-1.9.3-p392@railstutorial_rails_4_0/specifications/childprocess-0.4.0.gemspec
I, [2014-01-25T16:25:25.665267 #36278]  INFO -- : 0:  coffee-script-source (1.6.3) from /usr/local/rvm/gems/ruby-1.9.3-p392@railstutorial_rails_4_0/specifications/coffee-script-source-1.6.3.gemspec
I, [2014-01-25T16:25:25.665913 #36278]  INFO -- : 0:  execjs (2.0.2) from /usr/local/rvm/gems/ruby-1.9.3-p392@railstutorial_rails_4_0/specifications/execjs-2.0.2.gemspec
I, [2014-01-25T16:25:25.666472 #36278]  INFO -- : 0:  coffee-script (2.2.0) from /usr/local/rvm/gems/ruby-1.9.3-p392@railstutorial_rails_4_0/specifications/coffee-script-2.2.0.gemspec
I, [2014-01-25T16:25:25.667023 #36278]  INFO -- : 0:  thor (0.18.1) from /usr/local/rvm/gems/ruby-1.9.3-p392@railstutorial_rails_4_0/specifications/thor-0.18.1.gemspec
I, [2014-01-25T16:25:25.667599 #36278]  INFO -- : 0:  railties (4.0.2) from /usr/local/rvm/gems/ruby-1.9.3-p392@railstutorial_rails_4_0/specifications/railties-4.0.2.gemspec
I, [2014-01-25T16:25:25.668152 #36278]  INFO -- : 0:  coffee-rails (4.0.1) from /usr/local/rvm/gems/ruby-1.9.3-p392@railstutorial_rails_4_0/specifications/coffee-rails-4.0.1.gemspec
I, [2014-01-25T16:25:25.668833 #36278]  INFO -- : 0:  diff-lcs (1.2.5) from /usr/local/rvm/gems/ruby-1.9.3-p392@railstutorial_rails_4_0/specifications/diff-lcs-1.2.5.gemspec
I, [2014-01-25T16:25:25.669359 #36278]  INFO -- : 0:  hike (1.2.3) from /usr/local/rvm/gems/ruby-1.9.3-p392@railstutorial_rails_4_0/specifications/hike-1.2.3.gemspec
I, [2014-01-25T16:25:25.669922 #36278]  INFO -- : 0:  jbuilder (1.0.2) from /usr/local/rvm/gems/ruby-1.9.3-p392@railstutorial_rails_4_0/specifications/jbuilder-1.0.2.gemspec
I, [2014-01-25T16:25:25.670445 #36278]  INFO -- : 0:  jquery-rails (3.0.4) from /usr/local/rvm/gems/ruby-1.9.3-p392@railstutorial_rails_4_0/specifications/jquery-rails-3.0.4.gemspec
I, [2014-01-25T16:25:25.670998 #36278]  INFO -- : 0:  json (1.8.1) from /usr/local/rvm/gems/ruby-1.9.3-p392@railstutorial_rails_4_0/specifications/json-1.8.1.gemspec
I, [2014-01-25T16:25:25.671574 #36278]  INFO -- : 0:  tilt (1.4.1) from /usr/local/rvm/gems/ruby-1.9.3-p392@railstutorial_rails_4_0/specifications/tilt-1.4.1.gemspec
I, [2014-01-25T16:25:25.672181 #36278]  INFO -- : 0:  sprockets (2.10.1) from /usr/local/rvm/gems/ruby-1.9.3-p392@railstutorial_rails_4_0/specifications/sprockets-2.10.1.gemspec
I, [2014-01-25T16:25:25.672724 #36278]  INFO -- : 0:  sprockets-rails (2.0.1) from /usr/local/rvm/gems/ruby-1.9.3-p392@railstutorial_rails_4_0/specifications/sprockets-rails-2.0.1.gemspec
I, [2014-01-25T16:25:25.673277 #36278]  INFO -- : 0:  rails (4.0.2) from /usr/local/rvm/gems/ruby-1.9.3-p392@railstutorial_rails_4_0/specifications/rails-4.0.2.gemspec
I, [2014-01-25T16:25:25.673792 #36278]  INFO -- : 0:  rdoc (3.12.2) from /usr/local/rvm/gems/ruby-1.9.3-p392@railstutorial_rails_4_0/specifications/rdoc-3.12.2.gemspec
I, [2014-01-25T16:25:25.674279 #36278]  INFO -- : 0:  rspec-core (2.13.1) from /usr/local/rvm/gems/ruby-1.9.3-p392@railstutorial_rails_4_0/specifications/rspec-core-2.13.1.gemspec
I, [2014-01-25T16:25:25.674917 #36278]  INFO -- : 0:  rspec-expectations (2.13.0) from /usr/local/rvm/gems/ruby-1.9.3-p392@railstutorial_rails_4_0/specifications/rspec-expectations-2.13.0.gemspec
I, [2014-01-25T16:25:25.675474 #36278]  INFO -- : 0:  rspec-mocks (2.13.1) from /usr/local/rvm/gems/ruby-1.9.3-p392@railstutorial_rails_4_0/specifications/rspec-mocks-2.13.1.gemspec
I, [2014-01-25T16:25:25.675983 #36278]  INFO -- : 0:  rspec-rails (2.13.1) from /usr/local/rvm/gems/ruby-1.9.3-p392@railstutorial_rails_4_0/specifications/rspec-rails-2.13.1.gemspec
I, [2014-01-25T16:25:25.676510 #36278]  INFO -- : 0:  rubyzip (0.9.9) from /usr/local/rvm/gems/ruby-1.9.3-p392@railstutorial_rails_4_0/specifications/rubyzip-0.9.9.gemspec
I, [2014-01-25T16:25:29.792045 #36278]  INFO -- : 0:  sass (3.2.14) from /usr/local/rvm/gems/ruby-1.9.3-p392@railstutorial_rails_4_0/specifications/sass-3.2.14.gemspec
I, [2014-01-25T16:25:29.792900 #36278]  INFO -- : 0:  sass-rails (4.0.1) from /usr/local/rvm/gems/ruby-1.9.3-p392@railstutorial_rails_4_0/specifications/sass-rails-4.0.1.gemspec
I, [2014-01-25T16:25:29.793466 #36278]  INFO -- : 0:  sdoc (0.3.20) from /usr/local/rvm/gems/ruby-1.9.3-p392@railstutorial_rails_4_0/specifications/sdoc-0.3.20.gemspec
I, [2014-01-25T16:25:29.794026 #36278]  INFO -- : 0:  websocket (1.0.7) from /usr/local/rvm/gems/ruby-1.9.3-p392@railstutorial_rails_4_0/specifications/websocket-1.0.7.gemspec
I, [2014-01-25T16:25:29.794560 #36278]  INFO -- : 0:  selenium-webdriver (2.35.1) from /usr/local/rvm/gems/ruby-1.9.3-p392@railstutorial_rails_4_0/specifications/selenium-webdriver-2.35.1.gemspec
I, [2014-01-25T16:25:29.795060 #36278]  INFO -- : 0:  sqlite3 (1.3.8) from /usr/local/rvm/gems/ruby-1.9.3-p392@railstutorial_rails_4_0/specifications/sqlite3-1.3.8.gemspec
I, [2014-01-25T16:25:29.795594 #36278]  INFO -- : 0:  turbolinks (1.1.1) from /usr/local/rvm/gems/ruby-1.9.3-p392@railstutorial_rails_4_0/specifications/turbolinks-1.1.1.gemspec
I, [2014-01-25T16:25:29.797181 #36278]  INFO -- : 0:  uglifier (2.1.1) from /usr/local/rvm/gems/ruby-1.9.3-p392@railstutorial_rails_4_0/specifications/uglifier-2.1.1.gemspec
I, [2014-01-25T16:25:37.103548 #36283]  INFO -- : 0:  rake (10.1.1) from /usr/local/rvm/gems/ruby-1.9.3-p392@railstutorial_rails_4_0/specifications/rake-10.1.1.gemspec
I, [2014-01-25T16:25:37.104346 #36283]  INFO -- : 0:  i18n (0.6.9) from /usr/local/rvm/gems/ruby-1.9.3-p392@railstutorial_rails_4_0/specifications/i18n-0.6.9.gemspec
I, [2014-01-25T16:25:37.104904 #36283]  INFO -- : 0:  minitest (4.7.5) from /usr/local/rvm/gems/ruby-1.9.3-p392@railstutorial_rails_4_0/specifications/minitest-4.7.5.gemspec
I, [2014-01-25T16:25:37.105400 #36283]  INFO -- : 0:  multi_json (1.8.4) from /usr/local/rvm/gems/ruby-1.9.3-p392@railstutorial_rails_4_0/specifications/multi_json-1.8.4.gemspec
I, [2014-01-25T16:25:37.106038 #36283]  INFO -- : 0:  atomic (1.1.14) from /usr/local/rvm/gems/ruby-1.9.3-p392@railstutorial_rails_4_0/specifications/atomic-1.1.14.gemspec
I, [2014-01-25T16:25:37.106550 #36283]  INFO -- : 0:  thread_safe (0.1.3) from /usr/local/rvm/gems/ruby-1.9.3-p392@railstutorial_rails_4_0/specifications/thread_safe-0.1.3.gemspec
I, [2014-01-25T16:25:37.107111 #36283]  INFO -- : 0:  tzinfo (0.3.38) from /usr/local/rvm/gems/ruby-1.9.3-p392@railstutorial_rails_4_0/specifications/tzinfo-0.3.38.gemspec
I, [2014-01-25T16:25:37.107597 #36283]  INFO -- : 0:  activesupport (4.0.2) from /usr/local/rvm/gems/ruby-1.9.3-p392@railstutorial_rails_4_0/specifications/activesupport-4.0.2.gemspec
I, [2014-01-25T16:25:37.108070 #36283]  INFO -- : 0:  builder (3.1.4) from /usr/local/rvm/gems/ruby-1.9.3-p392@railstutorial_rails_4_0/specifications/builder-3.1.4.gemspec
I, [2014-01-25T16:25:37.108539 #36283]  INFO -- : 0:  erubis (2.7.0) from /usr/local/rvm/gems/ruby-1.9.3-p392@railstutorial_rails_4_0/specifications/erubis-2.7.0.gemspec
I, [2014-01-25T16:25:37.109012 #36283]  INFO -- : 0:  rack (1.5.2) from /usr/local/rvm/gems/ruby-1.9.3-p392@railstutorial_rails_4_0/specifications/rack-1.5.2.gemspec
I, [2014-01-25T16:25:37.109486 #36283]  INFO -- : 0:  rack-test (0.6.2) from /usr/local/rvm/gems/ruby-1.9.3-p392@railstutorial_rails_4_0/specifications/rack-test-0.6.2.gemspec
I, [2014-01-25T16:25:37.109997 #36283]  INFO -- : 0:  actionpack (4.0.2) from /usr/local/rvm/gems/ruby-1.9.3-p392@railstutorial_rails_4_0/specifications/actionpack-4.0.2.gemspec
I, [2014-01-25T16:25:37.110530 #36283]  INFO -- : 0:  mime-types (1.25.1) from /usr/local/rvm/gems/ruby-1.9.3-p392@railstutorial_rails_4_0/specifications/mime-types-1.25.1.gemspec
I, [2014-01-25T16:25:37.111004 #36283]  INFO -- : 0:  polyglot (0.3.3) from /usr/local/rvm/gems/ruby-1.9.3-p392@railstutorial_rails_4_0/specifications/polyglot-0.3.3.gemspec
I, [2014-01-25T16:25:37.111469 #36283]  INFO -- : 0:  treetop (1.4.15) from /usr/local/rvm/gems/ruby-1.9.3-p392@railstutorial_rails_4_0/specifications/treetop-1.4.15.gemspec
I, [2014-01-25T16:25:37.111940 #36283]  INFO -- : 0:  mail (2.5.4) from /usr/local/rvm/gems/ruby-1.9.3-p392@railstutorial_rails_4_0/specifications/mail-2.5.4.gemspec
I, [2014-01-25T16:25:37.112441 #36283]  INFO -- : 0:  actionmailer (4.0.2) from /usr/local/rvm/gems/ruby-1.9.3-p392@railstutorial_rails_4_0/specifications/actionmailer-4.0.2.gemspec
I, [2014-01-25T16:25:37.113368 #36283]  INFO -- : 0:  activemodel (4.0.2) from /usr/local/rvm/gems/ruby-1.9.3-p392@railstutorial_rails_4_0/specifications/activemodel-4.0.2.gemspec
I, [2014-01-25T16:25:37.114282 #36283]  INFO -- : 0:  activerecord-deprecated_finders (1.0.3) from /usr/local/rvm/gems/ruby-1.9.3-p392@railstutorial_rails_4_0/specifications/activerecord-deprecated_finders-1.0.3.gemspec
I, [2014-01-25T16:25:37.115866 #36283]  INFO -- : 0:  arel (4.0.1) from /usr/local/rvm/gems/ruby-1.9.3-p392@railstutorial_rails_4_0/specifications/arel-4.0.1.gemspec
I, [2014-01-25T16:25:37.116401 #36283]  INFO -- : 0:  activerecord (4.0.2) from /usr/local/rvm/gems/ruby-1.9.3-p392@railstutorial_rails_4_0/specifications/activerecord-4.0.2.gemspec
I, [2014-01-25T16:25:37.116943 #36283]  INFO -- : 0:  mini_portile (0.5.2) from /usr/local/rvm/gems/ruby-1.9.3-p392@railstutorial_rails_4_0/specifications/mini_portile-0.5.2.gemspec
I, [2014-01-25T16:25:37.117749 #36283]  INFO -- : 0:  nokogiri (1.6.1) from /usr/local/rvm/gems/ruby-1.9.3-p392@railstutorial_rails_4_0/specifications/nokogiri-1.6.1.gemspec
I, [2014-01-25T16:25:37.118220 #36283]  INFO -- : 0:  xpath (2.0.0) from /usr/local/rvm/gems/ruby-1.9.3-p392@railstutorial_rails_4_0/specifications/xpath-2.0.0.gemspec
I, [2014-01-25T16:25:37.118758 #36283]  INFO -- : 0:  capybara (2.1.0) from /usr/local/rvm/gems/ruby-1.9.3-p392@railstutorial_rails_4_0/specifications/capybara-2.1.0.gemspec
I, [2014-01-25T16:25:37.119256 #36283]  INFO -- : 0:  ffi (1.9.3) from /usr/local/rvm/gems/ruby-1.9.3-p392@railstutorial_rails_4_0/specifications/ffi-1.9.3.gemspec
I, [2014-01-25T16:25:37.119749 #36283]  INFO -- : 0:  childprocess (0.4.0) from /usr/local/rvm/gems/ruby-1.9.3-p392@railstutorial_rails_4_0/specifications/childprocess-0.4.0.gemspec
I, [2014-01-25T16:25:37.120217 #36283]  INFO -- : 0:  coffee-script-source (1.6.3) from /usr/local/rvm/gems/ruby-1.9.3-p392@railstutorial_rails_4_0/specifications/coffee-script-source-1.6.3.gemspec
I, [2014-01-25T16:25:37.120690 #36283]  INFO -- : 0:  execjs (2.0.2) from /usr/local/rvm/gems/ruby-1.9.3-p392@railstutorial_rails_4_0/specifications/execjs-2.0.2.gemspec
I, [2014-01-25T16:25:37.121168 #36283]  INFO -- : 0:  coffee-script (2.2.0) from /usr/local/rvm/gems/ruby-1.9.3-p392@railstutorial_rails_4_0/specifications/coffee-script-2.2.0.gemspec
I, [2014-01-25T16:25:37.121700 #36283]  INFO -- : 0:  thor (0.18.1) from /usr/local/rvm/gems/ruby-1.9.3-p392@railstutorial_rails_4_0/specifications/thor-0.18.1.gemspec
I, [2014-01-25T16:25:37.122214 #36283]  INFO -- : 0:  railties (4.0.2) from /usr/local/rvm/gems/ruby-1.9.3-p392@railstutorial_rails_4_0/specifications/railties-4.0.2.gemspec
I, [2014-01-25T16:25:37.122801 #36283]  INFO -- : 0:  coffee-rails (4.0.1) from /usr/local/rvm/gems/ruby-1.9.3-p392@railstutorial_rails_4_0/specifications/coffee-rails-4.0.1.gemspec
I, [2014-01-25T16:25:37.123390 #36283]  INFO -- : 0:  diff-lcs (1.2.5) from /usr/local/rvm/gems/ruby-1.9.3-p392@railstutorial_rails_4_0/specifications/diff-lcs-1.2.5.gemspec
I, [2014-01-25T16:25:37.124199 #36283]  INFO -- : 0:  hike (1.2.3) from /usr/local/rvm/gems/ruby-1.9.3-p392@railstutorial_rails_4_0/specifications/hike-1.2.3.gemspec
I, [2014-01-25T16:25:37.128229 #36283]  INFO -- : 0:  jbuilder (1.0.2) from /usr/local/rvm/gems/ruby-1.9.3-p392@railstutorial_rails_4_0/specifications/jbuilder-1.0.2.gemspec
I, [2014-01-25T16:25:37.128891 #36283]  INFO -- : 0:  jquery-rails (3.0.4) from /usr/local/rvm/gems/ruby-1.9.3-p392@railstutorial_rails_4_0/specifications/jquery-rails-3.0.4.gemspec
I, [2014-01-25T16:25:37.129354 #36283]  INFO -- : 0:  json (1.8.1) from /usr/local/rvm/gems/ruby-1.9.3-p392@railstutorial_rails_4_0/specifications/json-1.8.1.gemspec
I, [2014-01-25T16:25:37.129820 #36283]  INFO -- : 0:  bundler (1.5.0) from /usr/local/rvm/gems/ruby-1.9.3-p392@railstutorial_rails_4_0/specifications/bundler-1.5.0.gemspec
I, [2014-01-25T16:25:37.130387 #36283]  INFO -- : 0:  tilt (1.4.1) from /usr/local/rvm/gems/ruby-1.9.3-p392@railstutorial_rails_4_0/specifications/tilt-1.4.1.gemspec
I, [2014-01-25T16:25:37.130906 #36283]  INFO -- : 0:  sprockets (2.10.1) from /usr/local/rvm/gems/ruby-1.9.3-p392@railstutorial_rails_4_0/specifications/sprockets-2.10.1.gemspec
I, [2014-01-25T16:25:37.131429 #36283]  INFO -- : 0:  sprockets-rails (2.0.1) from /usr/local/rvm/gems/ruby-1.9.3-p392@railstutorial_rails_4_0/specifications/sprockets-rails-2.0.1.gemspec
I, [2014-01-25T16:25:37.131943 #36283]  INFO -- : 0:  rails (4.0.2) from /usr/local/rvm/gems/ruby-1.9.3-p392@railstutorial_rails_4_0/specifications/rails-4.0.2.gemspec
I, [2014-01-25T16:25:37.132429 #36283]  INFO -- : 0:  rdoc (3.12.2) from /usr/local/rvm/gems/ruby-1.9.3-p392@railstutorial_rails_4_0/specifications/rdoc-3.12.2.gemspec
I, [2014-01-25T16:25:37.132915 #36283]  INFO -- : 0:  rspec-core (2.13.1) from /usr/local/rvm/gems/ruby-1.9.3-p392@railstutorial_rails_4_0/specifications/rspec-core-2.13.1.gemspec
I, [2014-01-25T16:25:37.133449 #36283]  INFO -- : 0:  rspec-expectations (2.13.0) from /usr/local/rvm/gems/ruby-1.9.3-p392@railstutorial_rails_4_0/specifications/rspec-expectations-2.13.0.gemspec
I, [2014-01-25T16:25:37.133981 #36283]  INFO -- : 0:  rspec-mocks (2.13.1) from /usr/local/rvm/gems/ruby-1.9.3-p392@railstutorial_rails_4_0/specifications/rspec-mocks-2.13.1.gemspec
I, [2014-01-25T16:25:37.134504 #36283]  INFO -- : 0:  rspec-rails (2.13.1) from /usr/local/rvm/gems/ruby-1.9.3-p392@railstutorial_rails_4_0/specifications/rspec-rails-2.13.1.gemspec
I, [2014-01-25T16:25:37.135030 #36283]  INFO -- : 0:  rubyzip (0.9.9) from /usr/local/rvm/gems/ruby-1.9.3-p392@railstutorial_rails_4_0/specifications/rubyzip-0.9.9.gemspec
I, [2014-01-25T16:25:37.135555 #36283]  INFO -- : 0:  sass (3.2.14) from /usr/local/rvm/gems/ruby-1.9.3-p392@railstutorial_rails_4_0/specifications/sass-3.2.14.gemspec
I, [2014-01-25T16:25:37.136134 #36283]  INFO -- : 0:  sass-rails (4.0.1) from /usr/local/rvm/gems/ruby-1.9.3-p392@railstutorial_rails_4_0/specifications/sass-rails-4.0.1.gemspec
I, [2014-01-25T16:25:37.136647 #36283]  INFO -- : 0:  sdoc (0.3.20) from /usr/local/rvm/gems/ruby-1.9.3-p392@railstutorial_rails_4_0/specifications/sdoc-0.3.20.gemspec
I, [2014-01-25T16:25:37.137116 #36283]  INFO -- : 0:  websocket (1.0.7) from /usr/local/rvm/gems/ruby-1.9.3-p392@railstutorial_rails_4_0/specifications/websocket-1.0.7.gemspec
I, [2014-01-25T16:25:37.137695 #36283]  INFO -- : 0:  selenium-webdriver (2.35.1) from /usr/local/rvm/gems/ruby-1.9.3-p392@railstutorial_rails_4_0/specifications/selenium-webdriver-2.35.1.gemspec
I, [2014-01-25T16:25:37.138171 #36283]  INFO -- : 0:  sqlite3 (1.3.8) from /usr/local/rvm/gems/ruby-1.9.3-p392@railstutorial_rails_4_0/specifications/sqlite3-1.3.8.gemspec
I, [2014-01-25T16:25:37.138667 #36283]  INFO -- : 0:  turbolinks (1.1.1) from /usr/local/rvm/gems/ruby-1.9.3-p392@railstutorial_rails_4_0/specifications/turbolinks-1.1.1.gemspec
I, [2014-01-25T16:25:37.139190 #36283]  INFO -- : 0:  uglifier (2.1.1) from /usr/local/rvm/gems/ruby-1.9.3-p392@railstutorial_rails_4_0/specifications/uglifier-2.1.1.gemspec
